
    0    0    0   0.0000000       90.0000001297        0.0000019792
    0    0   -1   0.0924761       -0.0000007893        0.0000000087
   -1    0    0   0.1177977      -16.2017767468       -0.0000002827
   -1    0   -1   0.1497603       19.6916958946       34.1070175249
   -1    0    1   0.1497603       12.8108954257      -22.1891218237
    0    0   -2   0.1849523       -0.0000005590       -0.0000000045
   -2    1    0   0.2040317      -17.0089384642        6.5529574869
   -1   -1    0   0.2040317      -17.0089374839       -6.5529578574
   -1    0   -2   0.2192799        4.0047660475       -6.9364580850
   -1    0    2   0.2192799       -9.1528671789      -15.8532277911
   -2    1   -1   0.2240106       -6.8326506605       -6.8976728300
   -1   -1   -1   0.2240106       -2.5572343781       -9.3660849294
   -2    0    0   0.2355955       18.3673366602       -0.0000000776
   -2    0   -1   0.2530950       -4.3232893059       -7.4881562990
   -2    0    1   0.2530950       -6.4954782673       11.2504980622
   -2    1   -2   0.2753839      -15.4842619629      -18.7305435701
   -1   -1   -2   0.2753839       23.9632578518        4.0444920467
    0    0   -3   0.2774284       -9.4724050697       -0.0000007899
   -2    0   -2   0.2995206       -9.8099891645       16.9913989534
   -2    0    2   0.2995206        4.9899682145        8.6428802194
   -1    0   -3   0.3014015       14.2622146352       -0.0000005142
   -1    0    3   0.3014015       -2.0095429141        0.0000012537
   -3    1    0   0.3116635        3.3074163032        2.4003546514
   -2   -1    0   0.3116635        3.3074163150       -2.4003545268
   -3    1   -1   0.3250938      -17.7942306937       -8.0372396304
   -3    1    1   0.3250938      -17.0278506004        3.2894451230
   -2   -1   -1   0.3250938        1.9366613002      -19.4288763595
   -2   -1    1   0.3250938        5.6651821353       16.3912740562
   -2    1   -3   0.3443769        5.2677095472       11.3544538136
   -1   -1   -3   0.3443769        5.2677097212      -11.3544524294
   -3    0    0   0.3533932       -8.6100393542        0.0000000422
   -3    1   -2   0.3624107       20.6313493254        1.5652036412
   -3    1    2   0.3624107       10.5495473349       -5.2393214319
   -2   -1   -2   0.3624107      -11.6711802493      -17.0846707386
   -2   -1    2   0.3624107       -9.8121582978        6.5165150158
   -2    0   -3   0.3639667      -15.9549784911       -0.0000008278
   -2    0    3   0.3639667      -33.1635567290       -0.0000003817
   -3    0   -1   0.3652925       14.9176994037       25.8382135772
   -3    0    1   0.3652925       -1.1069912539        1.9173651463
    0    0   -4   0.3699046        0.0000000845       -0.0000000033
   -1    0   -4   0.3882083       -5.1959555675       -8.9996587342
   -1    0    4   0.3882083      -10.6297616396       18.4112885593
   -3    0   -2   0.3988660       -7.5405947660       13.0606924516
   -3    0    2   0.3988660      -11.1651586665      -19.3386230018
   -4    2    0   0.4080633       18.7935679959        5.7792156406
   -2   -2    0   0.4080633       18.7935678596       -5.7792155433
   -3    1   -3   0.4172537        8.8935723902        0.5184086926
   -3    1    3   0.4172537       12.9779468706      -13.9933039453
   -2   -1   -3   0.4172537        8.8935739986       -0.5184079191
   -2   -1    3   0.4172537       12.9779453658       13.9933036315
   -4    2   -1   0.4184107       -9.2474620022       -6.2744554788
   -2   -2   -1   0.4184107       -0.8101067107      -11.1457642166
   -2    1   -4   0.4224433      -13.8465222214       13.2238806225
   -1   -1   -4   0.4224433       18.3754765913       -5.3794985589
   -4    1    0   0.4247258      -10.4792205200      -17.8907618311
   -3   -1    0   0.4247258      -10.4792204854       17.8907618138
   -4    1   -1   0.4346767       11.4201125567       -9.2456138470
   -4    1    1   0.4346767        5.6555555097        4.6925773752
   -3   -1   -1   0.4346767      -13.7169924634        5.2673005752
   -3   -1    1   0.4346767       -6.8916684200       -2.5515666002
   -2    0   -4   0.4385597       -0.9849489514       -1.7059846293
   -2    0    4   0.4385597       -4.7409714598        8.2116050612
   -4    2   -2   0.4480212       -0.1729245707       -2.3545603219
   -2   -2   -2   0.4480212        2.1255708940       -1.0275224458
   -3    0   -3   0.4492809       -3.5454158999       -0.0000007650
   -3    0    3   0.4492809        9.2964594921        0.0000005535
    0    0   -5   0.4623807        0.0000006437       -0.0000000045
   -4    1   -2   0.4632487       -6.8008701354      -18.4929018668
   -4    1    2   0.4632487        6.4422304415       10.1016697516
   -3   -1   -2   0.4632487       19.4157586478       -3.3567260241
   -3   -1    2   0.4632487        5.5271875217       10.6299696633
   -4    0    0   0.4711909       12.9493936486        0.0000000206
   -1    0   -5   0.4771501       10.4956284753      -18.1789603279
   -1    0    5   0.4771501        5.6440408996        9.7757646865
   -4    0   -1   0.4801799       -2.9871134047       -5.1738316472
   -4    0    1   0.4801799        9.7774644162      -16.9350651858
   -3    1   -4   0.4836978       -0.0946591124        3.3740583257
   -3    1    4   0.4836978       16.4899608494        2.7894266054
   -2   -1   -4   0.4836978        2.9693493140        1.6050538794
   -2   -1    4   0.4836978      -10.6606957344      -12.8860125951
   -4    2   -3   0.4934392      -15.8407920869        2.2972708040
   -2   -2   -3   0.4934392      -15.8407932023       -2.2972703030
   -2    1   -5   0.5053957        3.4473464247       13.6922234990
   -1   -1   -5   0.5053957      -13.5814891022        3.8606246829
   -4    0   -2   0.5061899       -5.1472358689        8.9152735472
   -4    0    2   0.5061899        1.4813764227        2.5658202615
   -4    1   -3   0.5073051        4.5730110578        6.5928023158
   -4    1    3   0.5073051        6.1754196321        3.2833661743
   -3   -1   -3   0.5073051        4.5730107154       -6.5928013755
   -3   -1    3   0.5073051        6.1754204595       -3.2833661874
   -3    0   -4   0.5115820       -3.9422643151       -6.8282028624
   -3    0    4   0.5115820       -3.1068662161        5.3812507366
   -5    2    0   0.5134684       -6.8805387072       10.9349441521
   -3   -2    0   0.5134684       -6.8805388490      -10.9349439965
   -2    0   -5   0.5189423        2.2492946186       -3.8958896580
   -2    0    5   0.5189423        0.8380168865        1.4514840913
   -5    2   -1   0.5217295        6.8096344616       16.4377926866
   -5    2    1   0.5217295        0.9861998091       -0.1190083505
   -3   -2   -1   0.5217295       10.8307289660       14.1162127720
   -3   -2    1   0.5217295       -0.3900359535       -0.9135784077
   -5    1    0   0.5398170       -1.1283602218        3.5347897831
   -4   -1    0   0.5398170       -1.1283601049       -3.5347898611
   -5    2   -2   0.5457629       -1.3326627374        2.6792926855
   -5    2    2   0.5457629       -4.9631953605       -8.1660680269
   -3   -2   -2   0.5457629       -1.6540044741        2.4937665937
   -3   -2    2   0.5457629       -4.5904239495       -8.3812869418
   -4    0   -3   0.5467974      -12.7635883502        0.0000002630
   -4    0    3   0.5467974      -18.2461769370        0.0000002316
   -5    1   -1   0.5476808       -3.9560155047       -4.9951791285
   -5    1    1   0.5476808      -15.9687081388        2.7818918574
   -4   -1   -1   0.5476808       -2.3479446299       -5.9236000130
   -4   -1    1   0.5476808        5.5751651561       15.2202526191
   -4    2   -4   0.5507677       11.3624839450       -0.5197254958
   -2   -2   -4   0.5507677       -6.1313355999        9.5803361717
    0    0   -6   0.5548569       13.8554592710       -0.0000001305
   -3    1   -5   0.5576110      -14.0918361809       -1.8084254697
   -3    1    5   0.5576110       -0.9466648753       -4.6781460826
   -2   -1   -5   0.5576110        8.6120599949       11.2996735567
   -2   -1    5   0.5576110       -3.5780616733       -3.1589073882
   -4    1   -4   0.5632241        0.7600021154        6.8592674726
   -4    1    4   0.5632241       -8.9868303997       -7.7987580911
   -3   -1   -4   0.5632241        5.5602979321        4.0878146354
   -3   -1    4   0.5632241       11.2473367501        3.8834440981
   -1    0   -6   0.5672235        0.0360225173        0.0000017430
   -1    0    6   0.5672235      -10.0414819802       -0.0000011666
   -5    1   -2   0.5706223        8.6515064075        2.0712233819
   -5    1    2   0.5706223        3.6066032610        6.7378435282
   -4   -1   -2   0.5706223       -6.1194848319       -6.4568118883
   -4   -1    2   0.5706223        4.0318419183        6.4923311239
   -3    0   -5   0.5819645        1.5525323439       -2.6890642461
   -3    0    5   0.5819645        4.0113730561        6.9479004163
   -5    2   -3   0.5836235        1.5744628748        0.2026047786
   -5    2    3   0.5836235       -0.6639915956        0.1222837095
   -3   -2   -3   0.5836235        1.5744621445       -0.2026067115
   -3   -2    3   0.5836235       -0.6639910767       -0.1222827149
   -5    0    0   0.5889887        0.0220518855        0.0000000300
   -2    1   -6   0.5911811       -4.9222138109       -5.3982654710
   -1   -1   -6   0.5911811       -4.9222145727        5.3982638468
   -5    0   -1   0.5962042        2.6302255642        4.5556845745
   -5    0    1   0.5962042        0.5225702749       -0.9051193172
   -4    0   -4   0.5990411        3.6051805457        6.2443551938
   -4    0    4   0.5990411        1.2976851033       -2.2476564158
   -2    0   -6   0.6028029       21.9000950031       -0.0000005635
   -2    0    6   0.6028029        9.6907254662       -0.0000008364
   -5    1   -3   0.6069341        9.3946382287      -15.2122518231
   -5    1    3   0.6069341        3.4000630987       -3.3742572097
   -4   -1   -3   0.6069341        9.3946388407       15.2122519432
   -4   -1    3   0.6069341        3.4000619240        3.3742564729
   -6    3    0   0.6120950       -7.3995943516      -12.2461556567
   -3   -3    0   0.6120950       -7.3995944395       12.2461556146
   -4    2   -5   0.6166941        6.1546997971      -10.1695235453
   -2   -2   -5   0.6166941        5.7297171417      -10.4148878614
   -5    0   -2   0.6173451        0.8337141114       -1.4440349632
   -5    0    2   0.6173451      -12.1522816970      -21.0483693815
   -6    3   -1   0.6190413       -2.0763135473      -10.8377676669
   -3   -3   -1   0.6190413       -8.3476251731       -7.2170239988
   -6    2    0   0.6233270       15.0643465685       -1.7759526299
   -4   -2    0   0.6233270       15.0643466051        1.7759525708
   -4    1   -5   0.6278439        7.8750526897        4.7813861720
   -4    1    5   0.6278439        2.0475616791       -5.9566192725
   -3   -1   -5   0.6278439       -8.0783293958       -4.4293029883
   -3   -1    5   0.6278439       -6.1823655486       -1.2050692324
   -6    2   -1   0.6301495       -7.9814287724        2.0314781887
   -6    2    1   0.6301495        2.7992638314       -3.3853897670
   -4   -2   -1   0.6301495        5.7500254885       -5.8963809824
   -4   -2    1   0.6301495        1.5322014219       -4.1169285243
   -5    2   -4   0.6328343      -11.4251334327      -15.6873104886
   -5    2    4   0.6328343       -7.9934023926       -0.1884968714
   -3   -2   -4   0.6328343       -7.8730423816      -17.7381113418
   -3   -2    4   0.6328343        4.1599459154        6.8282424339
   -3    1   -6   0.6363963       -7.3303954893        9.8062874533
   -3    1    6   0.6363963       -4.1157889668       -1.6147468315
   -2   -1   -6   0.6363963       -7.3303960865       -9.8062881505
   -2   -1    6   0.6363963       -4.1157872515        1.6147483468
   -6    3   -2   0.6394276        0.5756890492       -1.0560356169
   -3   -3   -2   0.6394276        0.6267103406       -1.0265792205
    0    0   -7   0.6473330       -0.0000018505        0.0000000006
   -6    2   -2   0.6501876       -6.1835804198       11.8279692627
   -6    2    2   0.6501876        3.2498655896        5.0374707532
   -4   -2   -2   0.6501876       -7.1515317816       11.2691224853
   -4   -2    2   0.6501876        2.7376447586        5.3332019471
   -5    0   -3   0.6510562       -0.5867280174       -0.0000004326
   -5    0    3   0.6510562        2.6713149142        0.0000007357
   -5    1   -4   0.6543942        2.2470594646        0.5790922222
   -5    1    4   0.6543942       13.0722756015        1.4264197097
   -4   -1   -4   0.6543942       -0.6220216672        2.2355579113
   -4   -1    4   0.6543942       -7.7714535421      -10.6077135149
   -6    1    0   0.6558700       -5.9346109148       -4.7462134952
   -5   -1    0   0.6558700       -5.9346109062        4.7462134853
   -3    0   -6   0.6578396       -8.0932950245        0.0000009087
   -3    0    6   0.6578396        2.5910145011       -0.0000012705
   -1    0   -7   0.6579638        5.8373923802       10.1106621437
   -1    0    7   0.6579638       -0.4041528664        0.7000124221
   -4    0   -5   0.6601642       -0.5606903370        0.9711460406
   -4    0    5   0.6601642       -3.5048632288       -6.0706026499
   -6    1   -1   0.6623574        0.4575520739       -1.3721549808
   -6    1    1   0.6623574        8.0280952459       11.4866536330
   -5   -1   -1   0.6623574       -1.4170970806       -0.2898258242
   -5   -1    1   0.6623574      -13.9617814746       -1.2092080017
   -6    3   -3   0.6720318        5.5351845801        8.4568167996
   -3   -3   -3   0.6720318        5.5351850611       -8.4568158599
   -2    1   -7   0.6787260        2.1830523379      -10.4098437394
   -1   -1   -7   0.6787260      -10.1067141398       -3.3143427927
   -6    1   -2   0.6814491       -3.5012939164       -7.3359914689
   -6    1    2   0.6814491        0.8133914697        3.4311331371
   -5   -1   -2   0.6814491        8.1038027164       -0.6357864612
   -5   -1    2   0.6814491        2.5647527646        2.4199836929
   -6    2   -3   0.6822779       -8.5468526718        1.9171718429
   -6    2    3   0.6822779       -4.8822623922       -6.3240792772
   -4   -2   -3   0.6822779       -8.5468529628       -1.9171720157
   -4   -2    3   0.6822779       -4.8822623053        6.3240794284
   -4    2   -6   0.6887538       11.5882798914       -0.5661270294
   -2   -2   -6   0.6887538       11.5882798183        0.5661281171
   -2    0   -7   0.6888724       -2.9867905694       -5.1732716813
   -2    0    7   0.6888724        3.4712961957       -6.0124619769
   -5    2   -5   0.6909745        7.2964290019        0.6463438358
   -5    2    5   0.6909745       10.7354791960       15.6315994215
   -3   -2   -5   0.6909745       -4.2079635321       -5.9957203436
   -3   -2    5   0.6909745        8.1696224209       17.1129968935
   -5    0   -4   0.6955121       -8.4296094936      -14.6005121894
   -5    0    4   0.6955121       -1.2150054463        2.1044531621
   -4    1   -6   0.6987547       -5.2136264803       -3.7065501713
   -4    1    6   0.6987547       -3.7599287010       -6.7093137170
   -3   -1   -6   0.6987547       -5.2136257291        3.7065491338
   -3   -1    6   0.6987547       -3.7599291996        6.7093146969
   -6    0    0   0.7067864        4.2132074898       -0.0000000103
   -5    1   -5   0.7107731      -13.1196666118       -0.4766984072
   -5    1    5   0.7107731       -2.0524569433       -0.0819835949
   -4   -1   -5   0.7107731        6.9726659504       11.1236142424
   -4   -1    5   0.7107731        0.9552273320       -1.8184716869
   -6    1   -3   0.7121320        3.6778201398        9.5611406913
   -6    1    3   0.7121320        5.9335141079       12.5921987230
   -5   -1   -3   0.7121320        3.6778203661       -9.5611400179
   -5   -1    3   0.7121320        5.9335144520      -12.5921992597
   -6    0   -1   0.7128105       -1.6641695052       -2.8824259132
   -6    0    1   0.7128105        6.1119893081      -10.5862756851
   -6    3   -4   0.7151851       -5.4343873477        6.2924070471
   -3   -3   -4   0.7151851        8.1665775157       -1.5601134627
   -7    3    0   0.7165356       -2.4482619522        2.6204091840
   -4   -3    0   0.7165356       -2.4482619449       -2.6204092499
   -3    1   -7   0.7184526       -7.9025666840        2.1259640441
   -3    1    7   0.7184526      -11.3039217494       -0.0959043473
   -2   -1   -7   0.7184526        5.7924231594       -5.7808423474
   -2   -1    7   0.7184526        5.7350173909        9.7415323289
   -7    3   -1   0.7224785        2.0683120047       -9.7571261467
   -7    3    1   0.7224785      -10.7339245401       -1.9324656238
   -4   -3   -1   0.7224785       -9.4840750550       -3.0873526359
   -4   -3    1   0.7224785        7.0405269841        8.3296184807
   -6    2   -4   0.7248213        5.0514782804        4.8692542300
   -6    2    4   0.7248213       -6.4969856268        5.7832246044
   -4   -2   -4   0.7248213        1.6911597659        6.8093350096
   -4   -2    4   0.7248213       -1.7599266272        8.5181663963
   -4    0   -6   0.7279334       13.4153116244       -0.0000000914
   -4    0    6   0.7279334        8.1943927406        0.0000000325
   -6    0   -2   0.7305849       -2.6036844240        4.5097132040
   -6    0    2   0.7305849        5.0122085479        8.6814007075
   -7    2    0   0.7356466       -0.2849274909        1.6218574457
   -5   -2    0   0.7356466       -0.2849274868       -1.6218575126
   -3    0   -7   0.7375139        7.6509158400       13.2517734129
   -3    0    7   0.7375139        3.6938805646       -6.3979909491
    0    0   -8   0.7398091       -0.0000019851        0.0000000004
   -7    3   -2   0.7400207       11.3541309079       -3.7609334395
   -7    3    2   0.7400207       -1.9343432806        3.8469801510
   -4   -3   -2   0.7400207       -2.4200016008      -11.7134324201
   -4   -3    2   0.7400207        4.2987544532        0.2482992239
   -7    2   -1   0.7414363        8.3088105497       12.9800564891
   -7    2    1   0.7414363       -1.4227842358       -4.2974988143
   -5   -2   -1   0.7414363        7.0866535500       13.6856693827
   -5   -2    1   0.7414363        4.4331346788       -0.9165823176
   -5    0   -5   0.7488014        1.3923164868       -2.4115611729
   -5    0    5   0.7488014        5.9370626165       10.2832940868
   -1    0   -8   0.7491287       -2.8256984124        4.8942521856
   -1    0    8   0.7491287       -6.7215305750      -11.6420337726
   -6    1   -4   0.7529906        4.5991534549        7.8788960039
   -6    1    4   0.7529906       -0.1346882871       -0.3818285812
   -5   -1   -4   0.7529906        4.5237476947        7.9224328025
   -5   -1    4   0.7529906        0.3980160955       -0.0742701114
   -5    2   -6   0.7559867       -0.0818721500        1.4025173279
   -5    2    6   0.7559867       -2.2957130654        1.3236449227
   -3   -2   -6   0.7559867       -0.0818715320       -1.4025162436
   -3   -2    6   0.7559867       -2.2957132475       -1.3236473988
   -7    2   -2   0.7585402       -5.0414441570       -7.0375982217
   -7    2    2   0.7585402       -4.7266683368      -11.6387967301
   -5   -2   -2   0.7585402        8.6154608500        0.8472196186
   -5   -2    2   0.7585402       -7.7161596167       -9.9128131198
   -6    0   -3   0.7592849      -13.2619853609       -0.0000002647
   -6    0    3   0.7592849       -5.4311196765        0.0000001725
   -4    2   -7   0.7652161        1.9595424429       -1.6593866980
   -2   -2   -7   0.7652161       -2.4168442071        0.8673220402
   -6    3   -5   0.7671090        4.4746121999        7.7939956358
   -3   -3   -5   0.7671090       -8.9871054205        0.0218707693
   -2    1   -8   0.7674285       -5.1272184029       -0.7417720378
   -1   -1   -8   0.7674285        3.2060042548        4.0694163803
   -7    3   -3   0.7683683       -2.5019833407       -3.5214673863
   -7    3    3   0.7683683        3.9744507405       -8.0510308355
   -4   -3   -3   0.7683683       -2.5019825770        3.5214681371
   -4   -3    3   0.7683683        3.9744500732        8.0510308098
   -7    1    0   0.7724514       -5.8896189344        9.7262783961
   -6   -1    0   0.7724514       -5.8896189055       -9.7262784455
   -5    1   -6   0.7741244       -0.9552718879        0.0624472579
   -5    1    6   0.7741244       -7.0070909580       12.0132221988
   -4   -1   -6   0.7741244       -0.9552729544       -0.0624489642
   -4   -1    6   0.7741244       -7.0070901156      -12.0132218081
   -4    1   -7   0.7742299       -2.4959970794       -6.1876574875
   -4    1    7   0.7742299        3.3289260221       10.6903815547
   -3   -1   -7   0.7742299       -4.1106694844       -5.2554263604
   -3   -1    7   0.7742299      -10.9226029984        2.4622546629
   -6    2   -5   0.7761008        5.3481382852       -3.6315843995
   -6    2    5   0.7761008       -5.4774933204       -3.2137138675
   -4   -2   -5   0.7761008        0.4709752296       -6.4474164896
   -4   -2    5   0.7761008       -0.0444100211       -6.3505066014
   -2    0   -8   0.7764166        1.2857044831       -2.2269065008
   -2    0    8   0.7764166        2.3537573590        4.0768288946
   -7    1   -1   0.7779672        2.4503409539       -5.8209461502
   -7    1    1   0.7779672       -4.6420987028        0.8426668249
   -6   -1   -1   0.7779672       -6.2662577406       -0.7884158717
   -6   -1    1   0.7779672        1.5912787729        4.4415087264
   -7    2   -3   0.7862204        0.9868442063       -1.0530558388
   -7    2    3   0.7862204       -3.1888179110       -3.7276181093
   -5   -2   -3   0.7862204        0.9868439052        1.0530556944
   -5   -2    3   0.7862204       -3.1888178162        3.7276184715
   -7    1   -2   0.7942849       11.9059798354        3.9898734661
   -7    1    2   0.7942849        2.2759032176        3.9971372428
   -6   -1   -2   0.7942849       -9.4083214209       -8.3159441820
   -6   -1    2   0.7942849        2.3236710066        3.9695586946
   -6    0   -4   0.7977320       -0.3519744254       -0.6096390303
   -6    0    4   0.7977320       -4.5599787233        7.8981155730
   -4    0   -7   0.8006628       -0.6065738549       -1.0506139025
   -4    0    7   0.8006628        4.7788224780       -8.2771633893
   -6    1   -5   0.8024721        0.8138774418        0.8612878013
   -6    1    5   0.8024721       -4.1034152932       -6.9872832045
   -5   -1   -5   0.8024721       -1.1528377574       -0.2741940890
   -5   -1    5   0.8024721       -3.9994572300       -7.0473023430
   -3    1   -8   0.8027775        8.3332249040       -1.4623936587
   -3    1    8   0.8027775        9.0194901930        2.2409951803
   -2   -1   -8   0.8027775       -2.9001428224       -7.9479794670
   -2   -1    8   0.8027775       -2.5689863809        8.9316040394
   -7    3   -4   0.8063825        3.1052444583       -1.8474653998
   -7    3    4   0.8063825        9.1106412539        0.6933901608
   -4   -3   -4   0.8063825       -3.1525744789        1.7654881227
   -4   -3    4   0.8063825       -5.1558137892       -7.5433523878
   -5    0   -6   0.8091809       -2.3304341617        0.0000013974
   -5    0    6   0.8091809        1.0682474467       -0.0000002992
   -8    4    0   0.8161266        2.1211894958        7.6739011080
   -4   -4    0   0.8161266        2.1211895377       -7.6739010940
   -3    0   -8   0.8198807       -0.1723348269        0.2984911683
   -3    0    8   0.8198807       -7.8369515986      -13.5739983514
   -7    1   -3   0.8207604        4.2992352683       -3.6020341779
   -7    1    3   0.8207604       -1.7637374043       -5.1693498106
   -6   -1   -3   0.8207604        4.2992364847        3.6020347600
   -6   -1    3   0.8207604       -1.7637374577        5.1693491543
   -8    4   -1   0.8213492       -2.5198599555       -2.1637681448
   -4   -4   -1   0.8213492       -0.6139484522       -3.2641467289
   -7    2   -4   0.8234108       -3.5710749922       -4.4027815413
   -7    2    4   0.8234108       -1.7394136876       -4.5035453536
   -5   -2   -4   0.8234108       -2.0273838320       -5.2940330190
   -5   -2    4   0.8234108        4.7698923673       -0.7453960503
   -8    3    0   0.8245841       -2.6204320702       -7.0563495843
   -7    0    0   0.8245841        9.8476539156        0.0000000299
   -5   -3    0   0.8245841       -2.6204320176        7.0563496569
   -6    3   -6   0.8261516       -4.4089358247       -6.8651182382
   -3   -3   -6   0.8261516       -4.4089348377        6.8651180945
   -5    2   -7   0.8262505        1.7227519678        4.0972831676
   -5    2    7   0.8262505       -0.6942646785       -1.8961755623
   -3   -2   -7   0.8262505        2.6869758551        3.5405893075
   -3   -2    7   0.8262505        1.9892669580       -0.3468368470
   -8    3   -1   0.8297535       -1.7172965802       -1.1662464266
   -8    3    1   0.8297535       -0.2816199265       -0.0790436512
   -7    0   -1   0.8297535        5.7145806551        9.8979441769
   -7    0    1   0.8297535       -1.3636755523        2.3619550793
   -5   -3   -1   0.8297535       -0.1513504949       -2.0703455860
   -5   -3    1   0.8297535        0.2092638662        0.2043680212
    0    0   -9   0.8322853      -19.1421793549       -0.0000001165
   -6    2   -6   0.8345075        4.2646297180        5.4860285287
   -6    2    6   0.8345075        8.1575216166       -3.2687295607
   -4   -2   -6   0.8345075        4.2646302194       -5.4860289871
   -4   -2    6   0.8345075        8.1575211093        3.2687287456
   -8    4   -2   0.8368214       -5.0204982584        8.1563750699
   -4   -4   -2   0.8368214       -4.5533790683        8.4260667508
   -1    0   -9   0.8405802        5.8530393882       -0.0000010808
   -1    0    9   0.8405802        2.8982883517        0.0000015667
   -5    1   -7   0.8428775       -2.4819738666       -5.1783299809
   -5    1    7   0.8428775       -4.9523012759       -0.8278810816
   -4   -1   -7   0.8428775       -3.2435784702       -4.7386192279
   -4   -1    7   0.8428775        3.1931170590        3.8748798875
   -6    0   -5   0.8445963        4.8893865898       -8.4686653274
   -6    0    5   0.8445963        1.0949724023        1.8965460605
   -4    2   -8   0.8448865       -4.1323741201        0.3898774423
   -2   -2   -8   0.8448865        1.7285420908        3.7736789663
   -8    3   -2   0.8450718       -2.6465812458       -4.5393145415
   -8    3    2   0.8450718        2.6642906347        6.6661817416
   -7    0   -2   0.8450718       -0.4746246221        0.8220730632
   -7    0    2   0.8450718       -3.1321087535       -5.4249713538
   -5   -3   -2   0.8450718        5.2544524434        0.0223494143
   -5   -3    2   0.8450718        4.4409373652        5.6404339736
   -8    2    0   0.8494515        2.9705074866       -2.6100973265
   -6   -2    0   0.8494515        2.9705074185        2.6100973449
   -7    3   -5   0.8527715       -8.2128144336       -1.8061353069
   -7    3    5   0.8527715       -2.9955698208        0.8148921473
   -4   -3   -5   0.8527715        5.6705667842        6.2094373307
   -4   -3    5   0.8527715        2.2035019781       -2.1867932274
   -4    1   -8   0.8530589       -2.2610767084       -3.6480819781
   -4    1    8   0.8530589       -5.0173283748        4.9303070663
   -3   -1   -8   0.8530589        4.2898724552        0.1341079386
   -3   -1    8   0.8530589        6.7784364110       -1.8799816448
   -8    2   -1   0.8544705       -8.3760161179       -4.8696493294
   -8    2    1   0.8544705        4.2933321054       -5.0218506312
   -6   -2   -1   0.8544705       -0.0292318124       -9.6886673452
   -6   -2    1   0.8544705        2.2023840087       -6.2290601023
   -7    1   -4   0.8564523        0.3964359875        3.2069772793
   -7    1    4   0.8564523        6.3494187832       -4.4589622934
   -6   -1   -4   0.8564523        2.5791053758        1.9468129453
   -6   -1    4   0.8564523        0.6868649729       -7.7282392507
   -2    1   -9   0.8569292        5.3030085881       -0.9064423244
   -1   -1   -9   0.8569292        5.3030077198        0.9064431656
   -6    1   -6   0.8590877       -5.0341012610       -9.1787753739
   -6    1    6   0.8590877       -2.6013171193       -5.9117806102
   -5   -1   -6   0.8590877       -5.0341010640        9.1787743730
   -5   -1    6   0.8590877       -2.6013174070        5.9117816494
   -8    4   -3   0.8619914       -6.7386224332        2.3077494791
   -4   -4   -3   0.8619914       -6.7386227388       -2.3077499239
   -2    0   -9   0.8649879       -5.6274685265        0.0000002972
   -2    0    9   0.8649879       -9.3548409881       -0.0000009151
   -7    2   -5   0.8688912        0.3281819156        2.0185572626
   -7    2    5   0.8688912        3.9118513204        4.0847033129
   -5   -2   -5   0.8688912       -1.9122118774        0.7250648240
   -5   -2    5   0.8688912        1.5815303360        5.4301136586
   -8    2   -2   0.8693534       -5.7174537749        7.1686540416
   -8    2    2   0.8693534        3.1081258353       -2.1656110606
   -6   -2   -2   0.8693534       -3.3495096391        8.5357876740
   -6   -2    2   0.8693534       -3.4295375333        1.6089107927
   -8    3   -3   0.8700032        4.7303988087        4.6045980843
   -8    3    3   0.8700032        7.2349538579       12.9428180289
   -7    0   -3   0.8700032        2.7039351899       -0.0000002960
   -7    0    3   0.8700032        2.6229504527        0.0000000756
   -5   -3   -3   0.8700032        4.7303987516       -4.6045981636
   -5   -3    3   0.8700032        7.2349536421      -12.9428185251
   -5    0   -7   0.8751844        7.2107350004       12.4893592628
   -5    0    7   0.8751844       -0.8437177264        1.4613616311
   -4    0   -8   0.8771194       -6.2929243770       10.8996637447
   -4    0    8   0.8771194        1.1105474163        1.9235271586
   -3    1   -9   0.8887255       -1.2775604934        0.6566449329
   -3    1    9   0.8887255       -0.2645646654       -2.9427173020
   -2   -1   -9   0.8887255       -1.2775606467       -0.6566429596
   -2   -1    9   0.8887255       -0.2645643657        2.9427157855
   -8    1    0   0.8893534       -3.4911242071       -8.6438286650
   -7   -1    0   0.8893534       -3.4911242185        8.6438286925
   -6    3   -7   0.8908986       -0.6519956248        0.3071705928
   -3   -3   -7   0.8908986        0.5920157672       -0.4110593720
   -8    2   -3   0.8936075       -2.8367360235       -4.8290883925
   -8    2    3   0.8936075       -7.6949382721       -1.3638852773
   -6   -2   -3   0.8936075       -2.8367362289        4.8290882732
   -6   -2    3   0.8936075       -7.6949382245        1.3638859739
   -8    1   -1   0.8941484       -4.9854454841       -3.9791249242
   -8    1    1   0.8941484       -1.6276706023        5.1669042023
   -7   -1   -1   0.8941484       -0.9533005296       -6.3070852611
   -7   -1    1   0.8941484       -3.6608347877        3.9930557563
   -8    4   -4   0.8960425        7.4507606831       -0.0912935544
   -4   -4   -4   0.8960425       -3.8044414986        6.4069012610
   -6    0   -6   0.8985617        2.2079952234        0.0000003030
   -6    0    6   0.8985617       10.8050344148       -0.0000003815
   -6    2   -7   0.8986527       -2.0936153048       -2.3745544143
   -6    2    7   0.8986527        3.3742865505       -7.8633687929
   -4   -2   -7   0.8986527       -1.0096175483       -3.0003997944
   -4   -2    7   0.8986527        5.1227325005       -6.8539026966
   -7    1   -5   0.9002650       -4.3811519148        5.2835776108
   -7    1    5   0.9002650        0.5608714468       -3.2863442897
   -6   -1   -5   0.9002650       -2.3851363622        6.4359769921
   -6   -1    5   0.9002650       -3.1264938420       -1.1574424160
   -5    2   -8   0.9005373        0.9918318172        0.4855112935
   -5    2    8   0.9005373       -2.1048386529       -7.1380402670
   -3   -2   -8   0.9005373       -0.9163815267       -0.6161947404
   -3   -2    8   0.9005373       -5.1293038542       -5.3918636305
   -8    3   -4   0.9037524       -2.0801246048       -0.4379549579
   -8    3    4   0.9037524       -3.5864871508       -4.1113324889
   -7    0   -4   0.9037524       -5.7796189585      -10.0105929273
   -7    0    4   0.9037524        1.4309238605       -2.4784325454
   -5   -3   -4   0.9037524        0.6607815588       -2.0204177890
   -5   -3    4   0.9037524        5.3537611321        1.0503235030
   -3    0   -9   0.9042044        1.7560647263       -0.0000017496
   -3    0    9   0.9042044        5.1829472431        0.0000013930
   -7    3   -6   0.9062502       -4.3862456195        6.5365482041
   -7    3    6   0.9062502        2.7448176724        1.5485365359
   -4   -3   -6   0.9062502       -4.3862465491       -6.5365485347
   -4   -3    6   0.9062502        2.7448184922       -1.5485351943
   -8    1   -2   0.9083814       -0.7512609563       -1.4988215482
   -8    1    2   0.9083814       -2.5980386245       -0.0452790001
   -7   -1   -2   0.9083814        1.6736481993       -0.0987997001
   -7   -1    2   0.9083814        1.2598067075       -2.2726069920
   -5    1   -8   0.9158166        7.6603257981       -1.6778652731
   -5    1    8   0.9158166        2.3285570377        3.7598573762
   -4   -1   -8   0.9158166       -2.3770881377       -7.4729689963
   -4   -1    8   0.9158166        2.0918542847        3.8965176593
   -9    4    0   0.9200297        0.7004859350        1.1206538776
   -5   -4    0   0.9200297        0.7004859618       -1.1206539010
   -7    2   -6   0.9214348        2.9701180427        3.2401733190
   -7    2    6   0.9214348       -1.6518459110        0.2799924282
   -5   -2   -6   0.9214348        2.9701179122       -3.2401721472
   -5   -2    6   0.9214348       -1.6518468173       -0.2799929489
   -6    1   -7   0.9215235        0.5755406705       -0.8232553863
   -6    1    7   0.9215235        3.5541239005        6.8262204194
   -5   -1   -7   0.9215235       -1.0007292464        0.0868048829
   -5   -1    7   0.9215235       -7.6887416510        0.3351486172
   -9    4   -1   0.9246656        3.4030224453        8.5715537842
   -9    4    1   0.9246656        3.8025026365        4.6216192451
   -5   -4   -1   0.9246656        5.7216720327        7.2328808708
   -5   -4    1   0.9246656       -5.9036913263       -0.9822542934
    0    0  -10   0.9247614        0.0000016164       -0.0000000001
   -8    2   -4   0.9264973       -1.3160696863        0.9645486409
   -8    2    4   0.9264973       -2.4764005898        7.8321844767
   -6   -2   -4   0.9264973        1.4933593862       -0.6574760813
   -6   -2    4   0.9264973       -5.5446697698        6.0607183834
   -4    2   -9   0.9269382       -8.0353105136       -2.5957163227
   -2   -2   -9   0.9269382       -8.0353109870        2.5957173352
   -8    1   -3   0.9316201        1.8032306889        6.7955199618
   -8    1    3   0.9316201        5.6074609753        4.3125578562
   -7   -1   -3   0.9316201        1.8032300223       -6.7955196885
   -7   -1    3   0.9316201        5.6074612379       -4.3125580791
   -1    0  -10   0.9322339       -4.7078991648       -8.1543188176
   -1    0   10   0.9322339       -4.5657786189        7.9081619356
   -4    1   -9   0.9343933        4.3904085883        8.5150172553
   -4    1    9   0.9343933        4.8698741605        7.5251649225
   -3   -1   -9   0.9343933        4.3904088587       -8.5150161164
   -3   -1    9   0.9343933        4.8698741163       -7.5251656744
   -9    3    0   0.9349905        4.0304540842        4.7172861074
   -6   -3    0   0.9349905        4.0304540772       -4.7172861060
   -8    4   -5   0.9380078        3.0061987381       -4.6896352402
   -4   -4   -5   0.9380078        2.5582444958       -4.9482626108
   -9    4   -2   0.9384359        1.4168393558        2.2986325248
   -9    4    2   0.9384359       -5.4225516716       -5.9243989183
   -5   -4   -2   0.9384359       -2.6990940365       -0.0777026770
   -5   -4    2   0.9384359       -2.4194037194       -7.6582666629
   -9    3   -1   0.9395526       -0.0912942457       -1.0085267345
   -9    3    1   0.9395526       -2.7204713468        3.3023503004
   -6   -3   -1   0.9395526       -0.8277624906       -0.5833262688
   -6   -3    1   0.9395526       -1.4996837240        4.0071725323
   -8    0    0   0.9423819        5.3236345439        0.0000000175
   -8    3   -5   0.9453755        2.8246324249        2.9572259730
   -8    3    5   0.9453755        2.2541645708        1.6422871580
   -7    0   -5   0.9453755       -1.7340613392        3.0034829763
   -7    0    5   0.9453755        5.9519038066       10.3089999831
   -5   -3   -5   0.9453755       -3.9733505167       -0.9675899444
   -5   -3    5   0.9453755        0.2951794005        2.7733077410
   -5    0   -8   0.9456348        0.0867520622       -0.1502599402
   -5    0    8   0.9456348       -1.2989275266       -2.2498087114
   -8    0   -1   0.9469084        0.9275755781        1.6066081028
   -8    0    1   0.9469084        4.4690204812       -7.7405708225
   -2    1  -10   0.9470019        0.3829897046        2.2950860135
   -1   -1  -10   0.9470019        1.7961062809        1.4792213399
   -7    1   -6   0.9510769        1.6863383876        5.1555824088
   -7    1    6   0.9510769       -5.0824627741        3.4054780558
   -6   -1   -6   0.9510769        1.6863385448       -5.1555832855
   -6   -1    6   0.9510769       -5.0824611779       -3.4054771942
   -9    3   -2   0.9531079        7.5848913045       -1.0419277959
   -9    3    2   0.9531079       -3.2657328567        7.0871971886
   -6   -3   -2   0.9531079       -2.8901097961       -7.0896724529
   -6   -3    2   0.9531079        7.7705595004        0.7153910143
   -2    0  -10   0.9543002        0.7396328859        1.2810800789
   -2    0   10   0.9543002        1.9064652465       -3.3020935724
   -4    0   -9   0.9564098       -4.6849596782       -0.0000008086
   -4    0    9   0.9564098       -6.4341828838        0.0000009693
   -6    0   -7   0.9584295       -4.2398142829       -7.3435726074
   -6    0    7   0.9584295        1.5983443228       -2.7684146247
   -6    3   -8   0.9601968       -5.8487605792       -0.5003180475
   -3   -3   -8   0.9601968        3.3576700752        4.8150160635
   -8    0   -2   0.9603598       -1.4555957836        2.5211656110
   -8    0    2   0.9603598        0.7217355033        1.2500837613
   -9    4   -3   0.9609481       -2.3213249705       -3.6335482893
   -9    4    3   0.9609481        0.1249820028       -3.1132387272
   -5   -4   -3   0.9609481       -2.3213250857        3.6335480731
   -5   -4    3   0.9609481        0.1249825985        3.1132387801
   -8    1   -4   0.9632128        6.0081689268        0.0683451831
   -8    1    4   0.9632128       -5.2996042482       -4.5192656680
   -7   -1   -4   0.9632128       -2.9448962448        5.2373998264
   -7   -1    4   0.9632128        6.5636003555        2.3299590191
   -9    2    0   0.9642160       -0.3394030141        0.9544716965
   -7   -2    0   0.9642160       -0.3394030046       -0.9544717181
   -7    3   -7   0.9656414        2.5641002809       -4.6496232930
   -7    3    7   0.9656414       -7.9301485444        2.9380012048
   -4   -3   -7   0.9656414       -5.3087415379       -0.1042361914
   -4   -3    7   0.9656414        1.4206912741        8.3367105719
   -8    2   -5   0.9671421        1.9573994333       -6.9416879955
   -8    2    5   0.9671421        0.3592930959       -2.3174399551
   -6   -2   -5   0.9671421        5.0329793236       -5.1660016519
   -6   -2    5   0.9671421       -2.1866075984       -0.8475639889
   -6    2   -8   0.9673955       -1.0458678997        2.4015084804
   -6    2    8   0.9673955        4.3075671931       -1.8011940174
   -4   -2   -8   0.9673955       -1.5568346447        2.1065021221
   -4   -2    8   0.9673955       -3.7136657712        2.8298663040
   -9    2   -1   0.9686405        7.1012422928        5.1003647258
   -9    2    1   0.9686405        2.1230302463        5.6192880506
   -7   -2   -1   0.9686405        0.8664244239        8.7000389217
   -7   -2    1   0.9686405       -5.9279613832        0.9710461494
   -9    3   -3   0.9752814        4.3266371658       -1.8490814127
   -9    3    3   0.9752814        2.9011912280       -4.9724944620
   -6   -3   -3   0.9752814        4.3266378124        1.8490820183
   -6   -3    3   0.9752814        2.9011902516        4.9724940060
   -3    1  -10   0.9758677        4.9774562780        3.7339385517
   -3    1   10   0.9758677        5.9565240063       -0.8998945281
   -2   -1  -10   0.9758677        0.7449577474        6.1775748450
   -2   -1   10   0.9758677       -2.1989300221       -5.6084508561
   -5    2   -9   0.9779308        3.9520293618       -5.7350421929
   -5    2    9   0.9779308        3.2011563436       -5.7629422060
   -3   -2   -9   0.9779308        3.9520293642        5.7350409723
   -3   -2    9   0.9779308        3.2011561762        5.7629430330
   -7    2   -7   0.9799061        3.8456274303        9.7119941534
   -7    2    7   0.9799061        3.4258968849        3.9817996358
   -5   -2   -7   0.9799061        6.4880192209        8.1864085756
   -5   -2    7   0.9799061       -5.1612888940       -0.9760145214
   -9    2   -2   0.9817942       -0.9886148828       -7.0778035708
   -9    2    2   0.9817942       -2.0244765572       -2.9422310924
   -7   -2   -2   0.9817942        3.5824541960        0.2427890779
   -7   -2    2   0.9817942       -5.5900929305       -4.3955391970
   -8    0   -3   0.9823696        0.0090221739        0.0000000015
   -8    0    3   0.9823696       -3.1099417197        0.0000001789
   -8    4   -6   0.9868783        4.7241653341       -0.3257691782
   -4   -4   -6   0.9868783        4.7241663466        0.3257689092
   -6    1   -8   0.9886774       -5.7417285626       -8.5011836038
   -6    1    8   0.9886774       -1.3561463331       -0.6131643548
   -5   -1   -8   0.9886774       10.2331057769        0.7218907170
   -5   -1    8   0.9886774        0.1470590341       -1.4810389811
   -3    0  -10   0.9899851       -4.7380726565       -8.2065842094
   -3    0   10   0.9899851        0.9098949313       -1.5759833442
   -9    4   -4   0.9916068       -3.9488156927       -7.8894973128
   -9    4    4   0.9916068       -2.2886689060       -3.8017634836
   -5   -4   -4   0.9916068       -2.1822737610       -3.9204071816
   -5   -4    4   0.9916068        8.7573635201       -0.5141096858
   -5    1   -9   0.9920188        1.1143425938       -3.1891002213
   -5    1    9   0.9920188       -0.9553154316        0.8969893304
   -4   -1   -9   0.9920188        1.1143431794        3.1891014676
   -4   -1    9   0.9920188       -0.9553165712       -0.8969911723
   -8    3   -6   0.9938839       -2.8797096276       -2.0075541493
   -8    3    6   0.9938839       -0.1339846116        0.0153253606
   -7    0   -6   0.9938839       -0.2644135174       -0.0000006969
   -7    0    6   0.9938839       -5.8025294696       11.6721644930
   -5   -3   -6   0.9938839       -2.8797102955        2.0075542737
   -5   -3    6   0.9938839       -5.7596304354      -11.6874903415
