
    0    0    0   0.0000000       90.0000001297        0.0000019790
    0    0   -1   0.0924761       -0.0000007892        0.0000000087
   -1    0    0   0.1177977      -16.2018153494       -0.0000002826
   -1    0   -1   0.1497603       19.6917789836       34.1071614393
   -1    0    1   0.1497603       12.8109480103      -22.1892129031
    0    0   -2   0.1849523       -0.0000005590       -0.0000000045
   -2    1    0   0.2040317      -17.0090369589        6.5530596138
   -1   -1    0   0.2040317      -17.0090359788       -6.5530599842
   -1    0   -2   0.2192799        4.0048327634       -6.9365736404
   -1    0    2   0.2192799       -9.1528982768      -15.8532816546
   -2    1   -1   0.2240106       -6.8327481629       -6.8976706276
   -1   -1   -1   0.2240106       -2.5571837197       -9.3661682678
   -2    0    0   0.2355955       18.3674103800       -0.0000000776
   -2    0   -1   0.2530950       -4.3233175829       -7.4882052762
   -2    0    1   0.2530950       -6.4955481396       11.2506190846
   -2    1   -2   0.2753839      -15.4843524142      -18.7306525628
   -1   -1   -2   0.2753839       23.9633974679        4.0445158833
    0    0   -3   0.2774284       -9.4724337869       -0.0000007899
   -2    0   -2   0.2995206       -9.8100454329       16.9914964136
   -2    0    2   0.2995206        4.9899774602        8.6428962337
   -1    0   -3   0.3014015       14.2622742988       -0.0000005142
   -1    0    3   0.3014015       -2.0095545996        0.0000012536
   -3    1    0   0.3116635        3.3074226738        2.4003654616
   -2   -1    0   0.3116635        3.3074226857       -2.4003653370
   -3    1   -1   0.3250938      -17.7942829629       -8.0372627325
   -3    1    1   0.3250938      -17.0279268678        3.2894621409
   -2   -1   -1   0.3250938        1.9366674275      -19.4289331770
   -2   -1    1   0.3250938        5.6652055311       16.3913486146
   -2    1   -3   0.3443769        5.2677347718       11.3544837212
   -1   -1   -3   0.3443769        5.2677349457      -11.3544823369
   -3    0    0   0.3533932       -8.6100658023        0.0000000422
   -3    1   -2   0.3624107       20.6313836496        1.5651899421
   -3    1    2   0.3624107       10.5495722692       -5.2393203514
   -2   -1   -2   0.3624107      -11.6711855480      -17.0847073137
   -2   -1    2   0.3624107       -9.8121698293        6.5165371494
   -2    0   -3   0.3639667      -15.9550382760       -0.0000008277
   -2    0    3   0.3639667      -33.1635810537       -0.0000003821
   -3    0   -1   0.3652925       14.9177167488       25.8382436193
   -3    0    1   0.3652925       -1.1069579016        1.9173073780
    0    0   -4   0.3699046        0.0000000845       -0.0000000033
   -1    0   -4   0.3882083       -5.1959881076       -8.9997150953
   -1    0    4   0.3882083      -10.6297442045       18.4112583603
   -3    0   -2   0.3988660       -7.5405609177       13.0606338254
   -3    0    2   0.3988660      -11.1651539406      -19.3386148169
   -4    2    0   0.4080633       18.7935823829        5.7791716988
   -2   -2    0   0.4080633       18.7935822466       -5.7791716014
   -3    1   -3   0.4172537        8.8935622124        0.5183162705
   -3    1    3   0.4172537       12.9778933029      -13.9932169042
   -2   -1   -3   0.4172537        8.8935638207       -0.5183154973
   -2   -1    3   0.4172537       12.9778917976       13.9932165909
   -4    2   -1   0.4184107       -9.2474296999       -6.2744245498
   -2   -2   -1   0.4184107       -0.8100960766      -11.1457207775
   -2    1   -4   0.4224433      -13.8464498034       13.2238561303
   -1   -1   -4   0.4224433       18.3754191716       -5.3794480892
   -4    1    0   0.4247258      -10.4792054879      -17.8906866879
   -3   -1    0   0.4247258      -10.4792054533       17.8906866706
   -4    1   -1   0.4346767       11.4200181967       -9.2455988562
   -4    1    1   0.4346767        5.6555852450        4.6926097517
   -3   -1   -1   0.4346767      -13.7169323006        5.2672263528
   -3   -1    1   0.4346767       -6.8917113264       -2.5515761634
   -2    0   -4   0.4385597       -0.9849042878       -1.7059072694
   -2    0    4   0.4385597       -4.7409488769        8.2115659464
   -4    2   -2   0.4480212       -0.1729614921       -2.3544620443
   -2   -2   -2   0.4480212        2.1255042437       -1.0274413322
   -3    0   -3   0.4492809       -3.5453611831       -0.0000007647
   -3    0    3   0.4492809        9.2964423496        0.0000005537
    0    0   -5   0.4623807        0.0000006437       -0.0000000045
   -4    1   -2   0.4632487       -6.8008660838      -18.4928227527
   -4    1    2   0.4632487        6.4421275164       10.1016618871
   -3   -1   -2   0.4632487       19.4156881067       -3.3566899765
   -3   -1    2   0.4632487        5.5272321727       10.6298765951
   -4    0    0   0.4711909       12.9493964314        0.0000000206
   -1    0   -5   0.4771501       10.4955542826      -18.1788318223
   -1    0    5   0.4771501        5.6440414475        9.7757656357
   -4    0   -1   0.4801799       -2.9871060013       -5.1738188241
   -4    0    1   0.4801799        9.7773883369      -16.9349334120
   -3    1   -4   0.4836978       -0.0946076096        3.3740442260
   -3    1    4   0.4836978       16.4899449034        2.7894038625
   -2   -1   -4   0.4836978        2.9693113517        1.6050914320
   -2   -1    4   0.4836978      -10.6606680652      -12.8860101571
   -4    2   -3   0.4934392      -15.8407574350        2.2972507383
   -2   -2   -3   0.4934392      -15.8407585505       -2.2972502370
   -2    1   -5   0.5053957        3.4473767029       13.6921606937
   -1   -1   -5   0.5053957      -13.5814498505        3.8605670585
   -4    0   -2   0.5061899       -5.1472339646        8.9152702493
   -4    0    2   0.5061899        1.4813888971        2.5658418676
   -4    1   -3   0.5073051        4.5730222249        6.5928214120
   -4    1    3   0.5073051        6.1754058990        3.2833916844
   -3   -1   -3   0.5073051        4.5730218823       -6.5928204717
   -3   -1    3   0.5073051        6.1754067263       -3.2833916974
   -3    0   -4   0.5115820       -3.9422937123       -6.8282537798
   -3    0    4   0.5115820       -3.1068603802        5.3812406284
   -5    2    0   0.5134684       -6.8804967005       10.9348555231
   -3   -2    0   0.5134684       -6.8804968422      -10.9348553675
   -2    0   -5   0.5189423        2.2492921612       -3.8958854017
   -2    0    5   0.5189423        0.8380006773        1.4514560162
   -5    2   -1   0.5217295        6.8096338332       16.4377217019
   -5    2    1   0.5217295        0.9862296094       -0.1190267669
   -3   -2   -1   0.5217295       10.8306678057       14.1161767353
   -3   -2    1   0.5217295       -0.3900349047       -0.9136134238
   -5    1    0   0.5398170       -1.1283585244        3.5347886535
   -4   -1    0   0.5398170       -1.1283584075       -3.5347887316
   -5    2   -2   0.5457629       -1.3326611738        2.6792654244
   -5    2    2   0.5457629       -4.9631887956       -8.1660414930
   -3   -2   -2   0.5457629       -1.6539816472        2.4937516092
   -3   -2    2   0.5457629       -4.5904042528       -8.3812679895
   -4    0   -3   0.5467974      -12.7635428151        0.0000002632
   -4    0    3   0.5467974      -18.2461043366        0.0000002313
   -5    1   -1   0.5476808       -3.9560050919       -4.9951701597
   -5    1    1   0.5476808      -15.9686413813        2.7818614349
   -4   -1   -1   0.5476808       -2.3479420691       -5.9235865108
   -4   -1    1   0.5476808        5.5751581237       15.2201795941
   -4    2   -4   0.5507677       11.3624137578       -0.5196964220
   -2   -2   -4   0.5507677       -6.1312753275        9.5802899247
    0    0   -6   0.5548569       13.8553808039       -0.0000001303
   -3    1   -5   0.5576110      -14.0917749112       -1.8084195443
   -3    1    5   0.5576110       -0.9466677940       -4.6781135219
   -2   -1   -5   0.5576110        8.6120242287       11.2996234582
   -2   -1    5   0.5576110       -3.5780320154       -3.1588936353
   -4    1   -4   0.5632241        0.7600272290        6.8592288053
   -4    1    4   0.5632241       -8.9868000203       -7.7987203886
   -3   -1   -4   0.5632241        5.5602518887        4.0878170506
   -3   -1    4   0.5632241       11.2472889090        3.8834366404
   -1    0   -6   0.5672235        0.0360025857        0.0000017430
   -1    0    6   0.5672235      -10.0414149533       -0.0000011666
   -5    1   -2   0.5706223        8.6514768614        2.0712016656
   -5    1    2   0.5706223        3.6065998503        6.7377883475
   -4   -1   -2   0.5706223       -6.1194512520       -6.4567971586
   -4   -1    2   0.5706223        4.0317958356        6.4923005799
   -3    0   -5   0.5819645        1.5525087720       -2.6890234185
   -3    0    5   0.5819645        4.0113665951        6.9478892255
   -5    2   -3   0.5836235        1.5744382320        0.2026173133
   -5    2    3   0.5836235       -0.6639746132        0.1222543467
   -3   -2   -3   0.5836235        1.5744375017       -0.2026192461
   -3   -2    3   0.5836235       -0.6639740942       -0.1222533523
   -5    0    0   0.5889887        0.0220306104        0.0000000300
   -2    1   -6   0.5911811       -4.9221831875       -5.3982484202
   -1   -1   -6   0.5911811       -4.9221839492        5.3982467959
   -5    0   -1   0.5962042        2.6302133524        4.5556634232
   -5    0    1   0.5962042        0.5225642306       -0.9051088480
   -4    0   -4   0.5990411        3.6051669148        6.2443315842
   -4    0    4   0.5990411        1.2976941294       -2.2476720491
   -2    0   -6   0.6028029       21.8999948668       -0.0000005635
   -2    0    6   0.6028029        9.6906753664       -0.0000008363
   -5    1   -3   0.6069341        9.3946138782      -15.2122256496
   -5    1    3   0.6069341        3.4000311964       -3.3742239528
   -4   -1   -3   0.6069341        9.3946144909       15.2122257692
   -4   -1    3   0.6069341        3.4000300216        3.3742232160
   -6    3    0   0.6120950       -7.3995768098      -12.2460891624
   -3   -3    0   0.6120950       -7.3995768976       12.2460891203
   -4    2   -5   0.6166941        6.1546829536      -10.1695164623
   -2   -2   -5   0.6166941        5.7297194293      -10.4148697329
   -5    0   -2   0.6173451        0.8337186479       -1.4440428208
   -5    0    2   0.6173451      -12.1522393195      -21.0482959821
   -6    3   -1   0.6190413       -2.0763196469      -10.8377219268
   -3   -3   -1   0.6190413       -8.3475825114       -7.2170064112
   -6    2    0   0.6233270       15.0643081281       -1.7759447390
   -4   -2    0   0.6233270       15.0643081647        1.7759446800
   -4    1   -5   0.6278439        7.8750282985        4.7813481801
   -4    1    5   0.6278439        2.0475612861       -5.9566059198
   -3   -1   -5   0.6278439       -8.0782842984       -4.4293008608
   -3   -1    5   0.6278439       -6.1823537882       -1.2050628965
   -6    2   -1   0.6301495       -7.9814006040        2.0314908558
   -6    2    1   0.6301495        2.7992211600       -3.3853439329
   -4   -2   -1   0.6301495        5.7500223742       -5.8963502544
   -4   -2    1   0.6301495        1.5321830640       -4.1168686528
   -5    2   -4   0.6328343      -11.4251172647      -15.6872678552
   -5    2    4   0.6328343       -7.9933951161       -0.1884966649
   -3   -2   -4   0.6328343       -7.8730135443      -17.7380760230
   -3   -2    4   0.6328343        4.1599420983        6.8282362355
   -3    1   -6   0.6363963       -7.3303683069        9.8062983080
   -3    1    6   0.6363963       -4.1157792947       -1.6147747464
   -2   -1   -6   0.6363963       -7.3303689040       -9.8062990053
   -2   -1    6   0.6363963       -4.1157775794        1.6147762616
   -6    3   -2   0.6394276        0.5757148455       -1.0560240911
   -3   -3   -2   0.6394276        0.6266874608       -1.0265957978
    0    0   -7   0.6473330       -0.0000018505        0.0000000006
   -6    2   -2   0.6501876       -6.1835536784       11.8279742742
   -6    2    2   0.6501876        3.2498428279        5.0374599135
   -4   -2   -2   0.6501876       -7.1515494921       11.2691018326
   -4   -2    2   0.6501876        2.7376467520        5.3331768153
   -5    0   -3   0.6510562       -0.5867470701       -0.0000004326
   -5    0    3   0.6510562        2.6713420319        0.0000007357
   -5    1   -4   0.6543942        2.2470365161        0.5790873905
   -5    1    4   0.6543942       13.0722498297        1.4264179846
   -4   -1   -4   0.6543942       -0.6220143773        2.2355356214
   -4   -1    4   0.6543942       -7.7714391621      -10.6076920585
   -6    1    0   0.6558700       -5.9345918168       -4.7461632411
   -5   -1    0   0.6558700       -5.9345918081        4.7461632312
   -3    0   -6   0.6578396       -8.0933028667        0.0000009087
   -3    0    6   0.6578396        2.5910515558       -0.0000012707
   -1    0   -7   0.6579638        5.8373624208       10.1106102527
   -1    0    7   0.6579638       -0.4041864248        0.7000705470
   -4    0   -5   0.6601642       -0.5607046100        0.9711707619
   -4    0    5   0.6601642       -3.5048682290       -6.0706113105
   -6    1   -1   0.6623574        0.4575729874       -1.3721165513
   -6    1    1   0.6623574        8.0281073763       11.4866352494
   -5   -1   -1   0.6623574       -1.4170742565       -0.2897884979
   -5   -1    1   0.6623574      -13.9617716190       -1.2092276989
   -6    3   -3   0.6720318        5.5351655172        8.4567773308
   -3   -3   -3   0.6720318        5.5351659980       -8.4567763912
   -2    1   -7   0.6787260        2.1830461109      -10.4098194630
   -1   -1   -7   0.6787260      -10.1066900022       -3.3143360472
   -6    1   -2   0.6814491       -3.5012789472       -7.3359853321
   -6    1    2   0.6814491        0.8133727629        3.4311025856
   -5   -1   -2   0.6814491        8.1037899171       -0.6357963566
   -5   -1    2   0.6814491        2.5647356596        2.4199522166
   -6    2   -3   0.6822779       -8.5468243791        1.9171870030
   -6    2    3   0.6822779       -4.8822069026       -6.3241049453
   -4   -2   -3   0.6822779       -8.5468246701       -1.9171871757
   -4   -2    3   0.6822779       -4.8822068158        6.3241050965
   -4    2   -6   0.6887538       11.5882359880       -0.5661307779
   -2   -2   -6   0.6887538       11.5882359149        0.5661318658
   -2    0   -7   0.6888724       -2.9868069890       -5.1733001209
   -2    0    7   0.6888724        3.4713058868       -6.0124787625
   -5    2   -5   0.6909745        7.2964471433        0.6463680092
   -5    2    5   0.6909745       10.7354917715       15.6316029805
   -3   -2   -5   0.6909745       -4.2079935374       -5.9957239679
   -3   -2    5   0.6909745        8.1696192155       17.1130095637
   -5    0   -4   0.6955121       -8.4296134814      -14.6005190963
   -5    0    4   0.6955121       -1.2150074284        2.1044565954
   -4    1   -6   0.6987547       -5.2136132068       -3.7065245089
   -4    1    6   0.6987547       -3.7599019895       -6.7093093406
   -3   -1   -6   0.6987547       -5.2136124553        3.7065234714
   -3   -1    6   0.6987547       -3.7599024879        6.7093103205
   -6    0    0   0.7067864        4.2131432283       -0.0000000103
   -5    1   -5   0.7107731      -13.1196569913       -0.4766922250
   -5    1    5   0.7107731       -2.0524455039       -0.0819366675
   -4   -1   -5   0.7107731        6.9726557863       11.1236090018
   -4   -1    5   0.7107731        0.9552622528       -1.8184383164
   -6    1   -3   0.7121320        3.6778049840        9.5611402522
   -6    1    3   0.7121320        5.9335043422       12.5922089659
   -5   -1   -3   0.7121320        3.6778052104       -9.5611395788
   -5   -1    3   0.7121320        5.9335046864      -12.5922095027
   -6    0   -1   0.7128105       -1.6641651851       -2.8824184304
   -6    0    1   0.7128105        6.1119862492      -10.5862703869
   -6    3   -4   0.7151851       -5.4344149836        6.2924074108
   -3   -3   -4   0.7151851        8.1665916488       -1.5601372142
   -7    3    0   0.7165356       -2.4482609192        2.6203703921
   -4   -3    0   0.7165356       -2.4482609119       -2.6203704581
   -3    1   -7   0.7184526       -7.9025793706        2.1260079417
   -3    1    7   0.7184526      -11.3038975776       -0.0958960232
   -2   -1   -7   0.7184526        5.7924675193       -5.7808313855
   -2   -1    7   0.7184526        5.7349980961        9.7415155575
   -7    3   -1   0.7224785        2.0683199696       -9.7571799623
   -7    3    1   0.7224785      -10.7338946560       -1.9324906580
   -4   -3   -1   0.7224785       -9.4841256431       -3.0873726457
   -4   -3    1   0.7224785        7.0405337222        8.3295800833
   -6    2   -4   0.7248213        5.0514638306        4.8692782124
   -6    2    4   0.7248213       -6.4970015351        5.7832043728
   -4   -2   -4   0.7248213        1.6911877603        6.8093344869
   -4   -2    4   0.7248213       -1.7599011520        8.5181700574
   -4    0   -6   0.7279334       13.4153209581       -0.0000000913
   -4    0    6   0.7279334        8.1943756406        0.0000000326
   -6    0   -2   0.7305849       -2.6036662358        4.5096817011
   -6    0    2   0.7305849        5.0122388329        8.6814531626
   -7    2    0   0.7356466       -0.2849485745        1.6218451141
   -5   -2    0   0.7356466       -0.2849485704       -1.6218451810
   -3    0   -7   0.7375139        7.6509199676       13.2517805623
   -3    0    7   0.7375139        3.6939067059       -6.3980362272
    0    0   -8   0.7398091       -0.0000019852        0.0000000004
   -7    3   -2   0.7400207       11.3541182046       -3.7609636136
   -7    3    2   0.7400207       -1.9343605039        3.8469790880
   -4   -3   -2   0.7400207       -2.4199691177      -11.7134365058
   -4   -3    2   0.7400207        4.2987621443        0.2482837766
   -7    2   -1   0.7414363        8.3088288192       12.9800788131
   -7    2    1   0.7414363       -1.4228180584       -4.2975636869
   -5   -2   -1   0.7414363        7.0866637484       13.6856963665
   -5   -2    1   0.7414363        4.4332077714       -0.9165854626
   -5    0   -5   0.7488014        1.3923357026       -2.4115944555
   -5    0    5   0.7488014        5.9370621691       10.2832933119
   -1    0   -8   0.7491287       -2.8256922911        4.8942415834
   -1    0    8   0.7491287       -6.7215453697      -11.6420593976
   -6    1   -4   0.7529906        4.5991917793        7.8789395450
   -6    1    4   0.7529906       -0.1346508958       -0.3817589244
   -5   -1   -4   0.7529906        4.5237662402        7.9224877630
   -5   -1    4   0.7529906        0.3979370753       -0.0742676647
   -5    2   -6   0.7559867       -0.0818621875        1.4025021571
   -5    2    6   0.7559867       -2.2957122865        1.3236309303
   -3   -2   -6   0.7559867       -0.0818615697       -1.4025010726
   -3   -2    6   0.7559867       -2.2957124684       -1.3236334064
   -7    2   -2   0.7585402       -5.0414821808       -7.0376516547
   -7    2    2   0.7585402       -4.7266462945      -11.6387959353
   -5   -2   -2   0.7585402        8.6155261362        0.8472258317
   -5   -2    2   0.7585402       -7.7161699495       -9.9127936332
   -6    0   -3   0.7592849      -13.2620547774       -0.0000002648
   -6    0    3   0.7592849       -5.4310825283        0.0000001725
   -4    2   -7   0.7652161        1.9596015178       -1.6593907956
   -2   -2   -7   0.7652161       -2.4168772934        0.8673711516
   -6    3   -5   0.7671090        4.4746290232        7.7940327797
   -3   -3   -5   0.7671090       -8.9871459998        0.0218747717
   -2    1   -8   0.7674285       -5.1272304955       -0.7417027601
   -1   -1   -8   0.7674285        3.2059503049        4.0694614916
   -7    3   -3   0.7683683       -2.5020279657       -3.5214500017
   -7    3    3   0.7683683        3.9744862601       -8.0510600044
   -4   -3   -3   0.7683683       -2.5020272019        3.5214507525
   -4   -3    3   0.7683683        3.9744855927        8.0510599787
   -7    1    0   0.7724514       -5.8896348151        9.7262991993
   -6   -1    0   0.7724514       -5.8896347862       -9.7262992487
   -5    1   -6   0.7741244       -0.9552460000        0.0623726727
   -5    1    6   0.7741244       -7.0071431937       12.0133210612
   -4   -1   -6   0.7741244       -0.9552470667       -0.0623743789
   -4   -1    6   0.7741244       -7.0071423518      -12.0133206702
   -4    1   -7   0.7742299       -2.4960201707       -6.1876718584
   -4    1    7   0.7742299        3.3289109230       10.6904449845
   -3   -1   -7   0.7742299       -4.1106703839       -5.2554535435
   -3   -1    7   0.7742299      -10.9226503804        2.4622994543
   -6    2   -5   0.7761008        5.3481454571       -3.6315579707
   -6    2    5   0.7761008       -5.4775015572       -3.2137343702
   -4   -2   -5   0.7761008        0.4709487557       -6.4474094864
   -4   -2    5   0.7761008       -0.0444236587       -6.3505239860
   -2    0   -8   0.7764166        1.2857482451       -2.2269822992
   -2    0    8   0.7764166        2.3537601201        4.0768336770
   -7    1   -1   0.7779672        2.4503724162       -5.8209716505
   -7    1    1   0.7779672       -4.6420572921        0.8426688443
   -6   -1   -1   0.7779672       -6.2662955557       -0.7884013748
   -6   -1    1   0.7779672        1.5912563186        4.4414738734
   -7    2   -3   0.7862204        0.9868659195       -1.0530419845
   -7    2    3   0.7862204       -3.1888562570       -3.7276371876
   -5   -2   -3   0.7862204        0.9868656183        1.0530418401
   -5   -2    3   0.7862204       -3.1888561620        3.7276375498
   -7    1   -2   0.7942849       11.9060466531        3.9899289868
   -7    1    2   0.7942849        2.2759187015        3.9971284930
   -6   -1   -2   0.7942849       -9.4084029119       -8.3159742878
   -6   -1    2   0.7942849        2.3236556873        3.9695677291
   -6    0   -4   0.7977320       -0.3519996798       -0.6096827722
   -6    0    4   0.7977320       -4.5599963344        7.8981460764
   -4    0   -7   0.8006628       -0.6065577979       -1.0505860907
   -4    0    7   0.8006628        4.7788556421       -8.2772208317
   -6    1   -5   0.8024721        0.8138500886        0.8612577101
   -6    1    5   0.8024721       -4.1034692815       -6.9873249259
   -5   -1   -5   0.8024721       -1.1527980211       -0.2741854458
   -5   -1    5   0.8024721       -3.9994663679       -7.0473699587
   -3    1   -8   0.8027775        8.3332264270       -1.4624041041
   -3    1    8   0.8027775        9.0195585338        2.2410127954
   -2   -1   -8   0.8027775       -2.9001345379       -7.9479860086
   -2   -1    8   0.8027775       -2.5690052961        8.9316720318
   -7    3   -4   0.8063825        3.1052877167       -1.8475235161
   -7    3    4   0.8063825        9.1106461339        0.6933945789
   -4   -3   -4   0.8063825       -3.1526464383        1.7654965273
   -4   -3    4   0.8063825       -5.1558200553       -7.5433544050
   -5    0   -6   0.8091809       -2.3304518377        0.0000013974
   -5    0    6   0.8091809        1.0682547876       -0.0000002992
   -8    4    0   0.8161266        2.1211641921        7.6739877384
   -4   -4    0   0.8161266        2.1211642338       -7.6739877243
   -3    0   -8   0.8198807       -0.1723323825        0.2984869345
   -3    0    8   0.8198807       -7.8369891494      -13.5740633910
   -7    1   -3   0.8207604        4.2992580465       -3.6020203292
   -7    1    3   0.8207604       -1.7637759701       -5.1693477522
   -6   -1   -3   0.8207604        4.2992592630        3.6020209114
   -6   -1    3   0.8207604       -1.7637760235        5.1693470960
   -8    4   -1   0.8213492       -2.5198367232       -2.1637892471
   -4   -4   -1   0.8213492       -0.6139783434       -3.2641371603
   -7    2   -4   0.8234108       -3.5710739251       -4.4027729267
   -7    2    4   0.8234108       -1.7394025867       -4.5035684384
   -5   -2   -4   0.8234108       -2.0273769052       -5.2940277875
   -5   -2    4   0.8234108        4.7699068089       -0.7454172063
   -8    3    0   0.8245841       -2.6204185760       -7.0563658679
   -7    0    0   0.8245841        9.8477431780        0.0000000299
   -5   -3    0   0.8245841       -2.6204185234        7.0563659406
   -6    3   -6   0.8261516       -4.4089411050       -6.8651316063
   -3   -3   -6   0.8261516       -4.4089401180        6.8651314625
   -5    2   -7   0.8262505        1.7227212532        4.0972595506
   -5    2    7   0.8262505       -0.6943054247       -1.8961957061
   -3   -2   -7   0.8262505        2.6869707595        3.5405508994
   -3   -2    7   0.8262505        1.9893047762       -0.3468116318
   -8    3   -1   0.8297535       -1.7172969466       -1.1662351181
   -8    3    1   0.8297535       -0.2816441342       -0.0790642909
   -7    0   -1   0.8297535        5.7146029144        9.8979827314
   -7    0    1   0.8297535       -1.3636822636        2.3619667038
   -5   -3   -1   0.8297535       -0.1513405182       -2.0703402492
   -5   -3    1   0.8297535        0.2092938445        0.2043786657
    0    0   -9   0.8322853      -19.1422857654       -0.0000001163
   -6    2   -6   0.8345075        4.2646226228        5.4860834226
   -6    2    6   0.8345075        8.1575467787       -3.2687686927
   -4   -2   -6   0.8345075        4.2646231245       -5.4860838811
   -4   -2    6   0.8345075        8.1575462716        3.2687678773
   -8    4   -2   0.8368214       -5.0205073677        8.1563972230
   -4   -4   -2   0.8368214       -4.5533936988        8.4260857163
   -1    0   -9   0.8405802        5.8530770229       -0.0000010809
   -1    0    9   0.8405802        2.8982875834        0.0000015666
   -5    1   -7   0.8428775       -2.4819822973       -5.1783569209
   -5    1    7   0.8428775       -4.9523113386       -0.8278882296
   -4   -1   -7   0.8428775       -3.2435975854       -4.7386399992
   -4   -1    7   0.8428775        3.1931282808        3.8748850281
   -6    0   -5   0.8445963        4.8894116412       -8.4687087174
   -6    0    5   0.8445963        1.0949887688        1.8965744078
   -4    2   -8   0.8448865       -4.1323921268        0.3898427527
   -2   -2   -8   0.8448865        1.7285811360        3.7736772157
   -8    3   -2   0.8450718       -2.6465936295       -4.5393329394
   -8    3    2   0.8450718        2.6643149147        6.6662263709
   -7    0   -2   0.8450718       -0.4746302331        0.8220827816
   -7    0    2   0.8450718       -3.1321050045       -5.4249648604
   -5   -3   -2   0.8450718        5.2544745683        0.0223509399
   -5   -3    2   0.8450718        4.4409638753        5.6404773153
   -8    2    0   0.8494515        2.9705037594       -2.6101146044
   -6   -2    0   0.8494515        2.9705036912        2.6101146229
   -7    3   -5   0.8527715       -8.2128566440       -1.8061493743
   -7    3    5   0.8527715       -2.9955938571        0.8149138059
   -4   -3   -5   0.8527715        5.6706000722        6.2094668524
   -4   -3    5   0.8527715        2.2035327530       -2.1868032144
   -4    1   -8   0.8530589       -2.2610670729       -3.6480795218
   -4    1    8   0.8530589       -5.0173581091        4.9303313943
   -3   -1   -8   0.8530589        4.2898655103        0.1341008223
   -3   -1    8   0.8530589        6.7784723469       -1.8799952316
   -8    2   -1   0.8544705       -8.3760778895       -4.8696847910
   -8    2    1   0.8544705        4.2933523071       -5.0218455567
   -6   -2   -1   0.8544705       -0.0292316372       -9.6887385718
   -6   -2    1   0.8544705        2.2023695131       -6.2290750603
   -7    1   -4   0.8564523        0.3964585031        3.2069939899
   -7    1    4   0.8564523        6.3494307517       -4.4590005378
   -6   -1   -4   0.8564523        2.5791085897        1.9468407998
   -6   -1    4   0.8564523        0.6868921090       -7.7282687380
   -2    1   -9   0.8569292        5.3030333086       -0.9064664669
   -1   -1   -9   0.8569292        5.3030324404        0.9064673081
   -6    1   -6   0.8590877       -5.0341250714       -9.1787988371
   -6    1    6   0.8590877       -2.6013230899       -5.9118123222
   -5   -1   -6   0.8590877       -5.0341248746        9.1787978361
   -5   -1    6   0.8590877       -2.6013233777        5.9118133613
   -8    4   -3   0.8619914       -6.7386476462        2.3077588037
   -4   -4   -3   0.8619914       -6.7386479518       -2.3077592485
   -2    0   -9   0.8649879       -5.6274851814        0.0000002972
   -2    0    9   0.8649879       -9.3548827545       -0.0000009151
   -7    2   -5   0.8688912        0.3281823885        2.0185593164
   -7    2    5   0.8688912        3.9118704166        4.0847229128
   -5   -2   -5   0.8688912       -1.9122138925        0.7250654413
   -5   -2    5   0.8688912        1.5815377621        5.4301399964
   -8    2   -2   0.8693534       -5.7174900829        7.1686876427
   -8    2    2   0.8693534        3.1081351301       -2.1656371994
   -6   -2   -2   0.8693534       -3.3495205847        8.5358359182
   -6   -2    2   0.8693534       -3.4295648176        1.6089057729
   -8    3   -3   0.8700032        4.7304198977        4.6046172097
   -8    3    3   0.8700032        7.2349904714       12.9428725959
   -7    0   -3   0.8700032        2.7039609724       -0.0000002960
   -7    0    3   0.8700032        2.6229502264        0.0000000755
   -5   -3   -3   0.8700032        4.7304198406       -4.6046172890
   -5   -3    3   0.8700032        7.2349902555      -12.9428730922
   -5    0   -7   0.8751844        7.2107654227       12.4894119562
   -5    0    7   0.8751844       -0.8437275574        1.4613786591
   -4    0   -8   0.8771194       -6.2929436227       10.8996970789
   -4    0    8   0.8771194        1.1105502022        1.9235319840
   -3    1   -9   0.8887255       -1.2775557453        0.6566617925
   -3    1    9   0.8887255       -0.2645536960       -2.9427352636
   -2   -1   -9   0.8887255       -1.2775558987       -0.6566598192
   -2   -1    9   0.8887255       -0.2645533964        2.9427337470
   -8    1    0   0.8893534       -3.4911395970       -8.6438776712
   -7   -1    0   0.8893534       -3.4911396084        8.6438776987
   -6    3   -7   0.8908986       -0.6519818963        0.3071576585
   -3   -3   -7   0.8908986        0.5919977016       -0.4110539498
   -8    2   -3   0.8936075       -2.8367691835       -4.8291127200
   -8    2    3   0.8936075       -7.6949515966       -1.3638835667
   -6   -2   -3   0.8936075       -2.8367693891        4.8291126007
   -6   -2    3   0.8936075       -7.6949515490        1.3638842635
   -8    1   -1   0.8941484       -4.9854612642       -3.9791447034
   -8    1    1   0.8941484       -1.6276820457        5.1669191835
   -7   -1   -1   0.8941484       -0.9533097686       -6.3071088167
   -7   -1    1   0.8941484       -3.6608420399        3.9930731572
   -8    4   -4   0.8960425        7.4508029190       -0.0912887777
   -4   -4   -4   0.8960425       -3.8044584799        6.4069402266
   -6    0   -6   0.8985617        2.2080430075        0.0000003030
   -6    0    6   0.8985617       10.8050722504       -0.0000003817
   -6    2   -7   0.8986527       -2.0936333957       -2.3745558459
   -6    2    7   0.8986527        3.3743099552       -7.8634178189
   -4   -2   -7   0.8986527       -1.0096097426       -3.0004161775
   -4   -2    7   0.8986527        5.1227632557       -6.8539474788
   -7    1   -5   0.9002650       -4.3811923741        5.2835937343
   -7    1    5   0.9002650        0.5608886147       -3.2863757945
   -6   -1   -5   0.9002650       -2.3851300960        6.4360200925
   -6   -1    5   0.9002650       -3.1265297100       -1.1574433006
   -5    2   -8   0.9005373        0.9918159489        0.4855203702
   -5    2    8   0.9005373       -2.1048635401       -7.1380943119
   -3   -2   -8   0.9005373       -0.9163814532       -0.6161764597
   -3   -2    8   0.9005373       -5.1293382150       -5.3919122058
   -8    3   -4   0.9037524       -2.0801419945       -0.4379429431
   -8    3    4   0.9037524       -3.5864882879       -4.1113503518
   -7    0   -4   0.9037524       -5.7796520311      -10.0106502110
   -7    0    4   0.9037524        1.4309268426       -2.4784377105
   -5   -3   -4   0.9037524        0.6608006588       -2.0204268415
   -5   -3    4   0.9037524        5.3537771704        1.0503155563
   -3    0   -9   0.9042044        1.7560818878       -0.0000017496
   -3    0    9   0.9042044        5.1829734553        0.0000013931
   -7    3   -6   0.9062502       -4.3862392679        6.5365536806
   -7    3    6   0.9062502        2.7448076913        1.5485734792
   -4   -3   -6   0.9062502       -4.3862401974       -6.5365540113
   -4   -3    6   0.9062502        2.7448085111       -1.5485721377
   -8    1   -2   0.9083814       -0.7512755565       -1.4988529047
   -8    1    2   0.9083814       -2.5980193614       -0.0452664260
   -7   -1   -2   0.9083814        1.6736826550       -0.0988027343
   -7   -1    2   0.9083814        1.2598079653       -2.2725840226
   -5    1   -8   0.9158166        7.6603830763       -1.6778696577
   -5    1    8   0.9158166        2.3285698791        3.7598750819
   -4   -1   -8   0.9158166       -2.3771129794       -7.4730207929
   -4   -1    8   0.9158166        2.0918631977        3.8965376330
   -9    4    0   0.9200297        0.7004871464        1.1206809213
   -5   -4    0   0.9200297        0.7004871731       -1.1206809447
   -7    2   -6   0.9214348        2.9701051073        3.2401939740
   -7    2    6   0.9214348       -1.6518268437        0.2799893731
   -5   -2   -6   0.9214348        2.9701049768       -3.2401928022
   -5   -2    6   0.9214348       -1.6518277500       -0.2799898937
   -6    1   -7   0.9215235        0.5755518098       -0.8232977367
   -6    1    7   0.9215235        3.5541430907        6.8262596827
   -5   -1   -7   0.9215235       -1.0007714926        0.0867933547
   -5   -1    7   0.9215235       -7.6887852491        0.3351516299
   -9    4   -1   0.9246656        3.4030321921        8.5715928641
   -9    4    1   0.9246656        3.8025070641        4.6216399875
   -5   -4   -1   0.9246656        5.7217010034        7.2329088518
   -5   -4    1   0.9246656       -5.9037115036       -0.9822477565
    0    0  -10   0.9247614        0.0000016164       -0.0000000001
   -8    2   -4   0.9264973       -1.3160400479        0.9645612548
   -8    2    4   0.9264973       -2.4764367616        7.8322363411
   -6   -2   -4   0.9264973        1.4933554909       -0.6574441067
   -6   -2    4   0.9264973       -5.5446965996        6.0607756415
   -4    2   -9   0.9269382       -8.0353670546       -2.5957250103
   -2   -2   -9   0.9269382       -8.0353675280        2.5957260226
   -8    1   -3   0.9316201        1.8032610358        6.7955700426
   -8    1    3   0.9316201        5.6074819659        4.3125907329
   -7   -1   -3   0.9316201        1.8032603695       -6.7955697692
   -7   -1    3   0.9316201        5.6074822283       -4.3125909560
   -1    0  -10   0.9322339       -4.7079174742       -8.1543505303
   -1    0   10   0.9322339       -4.5657951144        7.9081905070
   -4    1   -9   0.9343933        4.3904207260        8.5150281774
   -4    1    9   0.9343933        4.8698868754        7.5251797714
   -3   -1   -9   0.9343933        4.3904209965       -8.5150270384
   -3   -1    9   0.9343933        4.8698868313       -7.5251805234
   -9    3    0   0.9349905        4.0304466637        4.7173022894
   -6   -3    0   0.9349905        4.0304466567       -4.7173022881
   -8    4   -5   0.9380078        3.0062189580       -4.6896363483
   -4   -4   -5   0.9380078        2.5582353454       -4.9482806757
   -9    4   -2   0.9384359        1.4168197275        2.2985890255
   -9    4    2   0.9384359       -5.4225670591       -5.9244435700
   -5   -4   -2   0.9384359       -2.6990465509       -0.0777074281
   -5   -4    2   0.9384359       -2.4194346952       -7.6583023147
   -9    3   -1   0.9395526       -0.0912672435       -1.0085653282
   -9    3    1   0.9395526       -2.7205235043        3.3023517624
   -6   -3   -1   0.9395526       -0.8278094149       -0.5833221811
   -6   -3    1   0.9395526       -1.4996589114        4.0072184329
   -8    0    0   0.9423819        5.3236405392        0.0000000176
   -8    3   -5   0.9453755        2.8246445988        2.9572388584
   -8    3    5   0.9453755        2.2541248034        1.6422585054
   -7    0   -5   0.9453755       -1.7340480244        3.0034599144
   -7    0    5   0.9453755        5.9519311434       10.3090473315
   -5   -3   -5   0.9453755       -3.9733677627       -0.9675940447
   -5   -3    5   0.9453755        0.2951744702        2.7732589752
   -5    0   -8   0.9456348        0.0867371677       -0.1502341421
   -5    0    8   0.9456348       -1.2989728271       -2.2498871742
   -8    0   -1   0.9469084        0.9275531373        1.6065692345
   -8    0    1   0.9469084        4.4690482530       -7.7406189249
   -2    1  -10   0.9470019        0.3829556920        2.2951381769
   -1   -1  -10   0.9470019        1.7961684620        1.4792179658
   -7    1   -6   0.9510769        1.6863067200        5.1556015573
   -7    1    6   0.9510769       -5.0824770668        3.4055269215
   -6   -1   -6   0.9510769        1.6863068772       -5.1556024340
   -6   -1    6   0.9510769       -5.0824754707       -3.4055260598
   -9    3   -2   0.9531079        7.5849325245       -1.0419137797
   -9    3    2   0.9531079       -3.2657432971        7.0872230526
   -6   -3   -2   0.9531079       -2.8901425444       -7.0897011424
   -6   -3    2   0.9531079        7.7705871195        0.7153949045
   -2    0  -10   0.9543002        0.7396342241        1.2810823967
   -2    0   10   0.9543002        1.9064485813       -3.3020647073
   -4    0   -9   0.9564098       -4.6850401130       -0.0000008086
   -4    0    9   0.9564098       -6.4342478336        0.0000009693
   -6    0   -7   0.9584295       -4.2398068448       -7.3435597243
   -6    0    7   0.9584295        1.5983761513       -2.7684697533
   -6    3   -8   0.9601968       -5.8487587968       -0.5003265471
   -3   -3   -8   0.9601968        3.3576765449        4.8150102703
   -8    0   -2   0.9603598       -1.4556388103        2.5212401355
   -8    0    2   0.9603598        0.7217363640        1.2500852519
   -9    4   -3   0.9609481       -2.3213014615       -3.6335753003
   -9    4    3   0.9609481        0.1249517112       -3.1132574432
   -5   -4   -3   0.9609481       -2.3213015767        3.6335750840
   -5   -4    3   0.9609481        0.1249523070        3.1132574962
   -8    1   -4   0.9632128        6.0081460272        0.0683686484
   -8    1    4   0.9632128       -5.2995713236       -4.5192899594
   -7   -1   -4   0.9632128       -2.9448644736        5.2373917273
   -7   -1    4   0.9632128        6.5636049301        2.3299183598
   -9    2    0   0.9642160       -0.3393735862        0.9544992217
   -7   -2    0   0.9642160       -0.3393735768       -0.9544992432
   -7    3   -7   0.9656414        2.5640897311       -4.6496205988
   -7    3    7   0.9656414       -7.9301631144        2.9379855601
   -4   -3   -7   0.9656414       -5.3087339298       -0.1042439808
   -4   -3    7   0.9656414        1.4207121080        8.3367153675
   -8    2   -5   0.9671421        1.9574271612       -6.9417118809
   -8    2    5   0.9671421        0.3592668539       -2.3174409523
   -6   -2   -5   0.9671421        5.0329861452       -5.1660376077
   -6   -2    5   0.9671421       -2.1865953410       -0.8475872138
   -6    2   -8   0.9673955       -1.0459156792        2.4015303870
   -6    2    8   0.9673955        4.3075688385       -1.8011520342
   -4   -2   -8   0.9673955       -1.5568297267        2.1065544536
   -4   -2    8   0.9673955       -3.7136302354        2.8298887205
   -9    2   -1   0.9686405        7.1012422817        5.1004326479
   -9    2    1   0.9686405        2.1230284872        5.6192934598
   -7   -2   -1   0.9686405        0.8664832516        8.7000728731
   -7   -2    1   0.9686405       -5.9279651882        0.9710503775
   -9    3   -3   0.9752814        4.3266080148       -1.8491210557
   -9    3    3   0.9752814        2.9011817600       -4.9725043890
   -6   -3   -3   0.9752814        4.3266086612        1.8491216613
   -6   -3    3   0.9752814        2.9011807837        4.9725039330
   -3    1  -10   0.9758677        4.9774739462        3.7339302244
   -3    1   10   0.9758677        5.9565787047       -0.8998762852
   -2   -1  -10   0.9758677        0.7449417016        6.1775859823
   -2   -1   10   0.9758677       -2.1989731702       -5.6084891048
   -5    2   -9   0.9779308        3.9520211661       -5.7350439555
   -5    2    9   0.9779308        3.2011610148       -5.7628990277
   -3   -2   -9   0.9779308        3.9520211685        5.7350427348
   -3   -2    9   0.9779308        3.2011608473        5.7628998547
   -7    2   -7   0.9799061        3.8456452055        9.7120092496
   -7    2    7   0.9799061        3.4258760830        3.9817923156
   -5   -2   -7   0.9799061        6.4880234069        8.1864315175
   -5   -2    7   0.9799061       -5.1612721537       -0.9760001666
   -9    2   -2   0.9817942       -0.9886092034       -7.0778286070
   -9    2    2   0.9817942       -2.0245140826       -2.9422641258
   -7   -2   -2   0.9817942        3.5824730383        0.2427716414
   -7   -2    2   0.9817942       -5.5901027757       -4.3955882115
   -8    0   -3   0.9823696        0.0089813919        0.0000000016
   -8    0    3   0.9823696       -3.1099440102        0.0000001789
   -8    4   -6   0.9868783        4.7241863868       -0.3257483258
   -4   -4   -6   0.9868783        4.7241873994        0.3257480568
   -6    1   -8   0.9886774       -5.7417133631       -8.5011683253
   -6    1    8   0.9886774       -1.3561149376       -0.6131213272
   -5   -1   -8   0.9886774       10.2330849456        0.7218851932
   -5   -1    8   0.9886774        0.1470805993       -1.4809902779
   -3    0  -10   0.9899851       -4.7380891276       -8.2066127381
   -3    0   10   0.9899851        0.9098664493       -1.5759340116
   -9    4   -4   0.9916068       -3.9488414701       -7.8895454472
   -9    4    4   0.9916068       -2.2886478805       -3.8017410570
   -5   -4   -4   0.9916068       -2.1823025578       -3.9204535727
   -5   -4    4   0.9916068        8.7573335853       -0.5141166810
   -5    1   -9   0.9920188        1.1143738679       -3.1891037091
   -5    1    9   0.9920188       -0.9552680655        0.8969224442
   -4   -1   -9   0.9920188        1.1143744534        3.1891049556
   -4   -1    9   0.9920188       -0.9552692048       -0.8969242862
   -8    3   -6   0.9938839       -2.8797186229       -2.0075559906
   -8    3    6   0.9938839       -0.1340043781        0.0152498967
   -7    0   -6   0.9938839       -0.2644028269       -0.0000006969
   -7    0    6   0.9938839       -5.8024878623       11.6721644930
   -5   -3   -6   0.9938839       -2.8797192910        2.0075561151
   -5   -3    6   0.9938839       -5.7596502018      -11.6874148776
