
    0    0    0   0.0000000       90.0000000620        0.0000025046
    0    0   -1   0.0924761       -0.0000009747        0.0000000106
   -1    0    0   0.1177977      -16.2022791456       -0.0000003450
   -1    0   -1   0.1497603       19.7086512604       34.1363850061
   -1    0    1   0.1497603       12.8184254300      -22.2021635274
    0    0   -2   0.1849523       -0.0000003494       -0.0000000063
   -2    1    0   0.2040317      -17.0333836602        6.6200779008
   -1   -1    0   0.2040317      -17.0333823555       -6.6200783374
   -1    0   -2   0.2192799        4.0615810517       -7.0348642957
   -1    0    2   0.2192799       -9.1408950422      -15.8324909253
   -2    1   -1   0.2240106       -6.9032387091       -6.8507489744
   -1   -1   -1   0.2240106       -2.4813032331       -9.4037538640
   -2    0    0   0.2355955       18.3326018465       -0.0000002440
   -2    0   -1   0.2530950       -4.3341032468       -7.5068863814
   -2    0    1   0.2530950       -6.5423046207       11.3316031264
   -2    1   -2   0.2753839      -15.5141288820      -18.7597766251
   -1   -1   -2   0.2753839       24.0035079154        4.0557409102
    0    0   -3   0.2774284       -9.4045279202       -0.0000015621
   -2    0   -2   0.2995206       -9.8432167503       17.0489510392
   -2    0    2   0.2995206        4.9966113523        8.6543865658
   -1    0   -3   0.3014015       14.2856131084       -0.0000005640
   -1    0    3   0.3014015       -2.0484660845        0.0000007874
   -3    1    0   0.3116635        3.3478285319        2.3865847191
   -2   -1    0   0.3116635        3.3478285720       -2.3865845804
   -3    1   -1   0.3250938      -17.8243166816       -8.0567786906
   -3    1    1   0.3250938      -17.0215770764        3.3076524731
   -2   -1   -1   0.3250938        1.9347828397      -19.4647010456
   -2   -1    1   0.3250938        5.6462773274       16.3949445018
   -2    1   -3   0.3443769        5.2592775582       11.3775752611
   -1   -1   -3   0.3443769        5.2592778552      -11.3775740682
   -3    0    0   0.3533932       -8.6248878898        0.0000000821
   -3    1   -2   0.3624107       20.6336404632        1.5655317106
   -3    1    2   0.3624107       10.5552043491       -5.2694800228
   -2   -1   -2   0.3624107      -11.6726100739      -17.0864907704
   -2   -1    2   0.3624107       -9.8411046740        6.5063346242
   -2    0   -3   0.3639667      -15.9341507460       -0.0000008704
   -2    0    3   0.3639667      -33.1994579511       -0.0000006133
   -3    0   -1   0.3652925       14.9314635154       25.8620534202
   -3    0    1   0.3652925       -1.1160533094        1.9330607883
    0    0   -4   0.3699046        0.0000000601       -0.0000000046
   -1    0   -4   0.3882083       -5.1880731489       -8.9860053294
   -1    0    4   0.3882083      -10.6408401188       18.4304769308
   -3    0   -2   0.3988660       -7.5465216989       13.0709583845
   -3    0    2   0.3988660      -11.1653307540      -19.3389211125
   -4    2    0   0.4080633       18.7955711139        5.7868706497
   -2   -2    0   0.4080633       18.7955708454       -5.7868703778
   -3    1   -3   0.4172537        8.8993351226        0.5177586036
   -3    1    3   0.4172537       12.9898691741      -14.0067005551
   -2   -1   -3   0.4172537        8.8993365343       -0.5177579003
   -2   -1    3   0.4172537       12.9898672922       14.0067004690
   -4    2   -1   0.4184107       -9.2454644782       -6.2819193446
   -2   -2   -1   0.4184107       -0.8175693815      -11.1477661306
   -2    1   -4   0.4224433      -13.8612401871       13.2205580464
   -1   -1   -4   0.4224433       18.3799582034       -5.3939058583
   -4    1    0   0.4247258      -10.4868344574      -17.9029560639
   -3   -1    0   0.4247258      -10.4868343901       17.9029560634
   -4    1   -1   0.4346767       11.4363171106       -9.2423831785
   -4    1    1   0.4346767        5.6541891157        4.6752372080
   -3   -1   -1   0.4346767      -13.7222966015        5.2829495684
   -3   -1    1   0.4346767       -6.8759682047       -2.5590533894
   -2    0   -4   0.4385597       -0.9862956604       -1.7083170661
   -2    0    4   0.4385597       -4.7448033790        8.2182417751
   -4    2   -2   0.4480212       -0.1606686630       -2.3598512194
   -2   -2   -2   0.4480212        2.1240246440       -1.0407820098
   -3    0   -3   0.4492809       -3.5638357327       -0.0000006065
   -3    0    3   0.4492809        9.3113684171        0.0000006470
    0    0   -5   0.4623807        0.0000005732       -0.0000000075
   -4    1   -2   0.4632487       -6.8006771017      -18.5101100044
   -4    1    2   0.4632487        6.4492639984       10.1053792961
   -3   -1   -2   0.4632487       19.4305646581       -3.3654975394
   -3   -1    2   0.4632487        5.5268831711       10.6379155128
   -4    0    0   0.4711909       12.9435643636        0.0000000348
   -1    0   -5   0.4771501       10.5011248636      -18.1884799342
   -1    0    5   0.4771501        5.6396711756        9.7681958617
   -4    0   -1   0.4801799       -2.9866813296       -5.1730832273
   -4    0    1   0.4801799        9.7817935680      -16.9425633693
   -3    1   -4   0.4836978       -0.1089824415        3.3780464417
   -3    1    4   0.4836978       16.4939143206        2.7902036264
   -2   -1   -4   0.4836978        2.9799646703        1.5946434912
   -2   -1    4   0.4836978      -10.6633455719      -12.8890479973
   -4    2   -3   0.4934392      -15.8403429920        2.3019086115
   -2   -2   -3   0.4934392      -15.8403443030       -2.3019081007
   -2    1   -5   0.5053957        3.4453207660       13.6977027242
   -1   -1   -5   0.5053957      -13.5852214378        3.8651188533
   -4    0   -2   0.5061899       -5.1502182750        8.9204390673
   -4    0    2   0.5061899        1.4803510482        2.5640442752
   -4    1   -3   0.5073051        4.5716928097        6.5943258902
   -4    1    3   0.5073051        6.1772901257        3.2740138221
   -3   -1   -3   0.5073051        4.5716926290       -6.5943247381
   -3   -1    3   0.5073051        6.1772908022       -3.2740138190
   -3    0   -4   0.5115820       -3.9392453053       -6.8229742258
   -3    0    4   0.5115820       -3.1088134073        5.3846233387
   -5    2    0   0.5134684       -6.8862086188       10.9427419892
   -3   -2    0   0.5134684       -6.8862088041      -10.9427418028
   -2    0   -5   0.5189423        2.2512379940       -3.8992556883
   -2    0    5   0.5189423        0.8420882821        1.4585362481
   -5    2   -1   0.5217295        6.8104175670       16.4378118357
   -5    2    1   0.5217295        0.9858345642       -0.1193533134
   -3   -2   -1   0.5217295       10.8303539080       14.1169005324
   -3   -2    1   0.5217295       -0.3895545586       -0.9134345832
   -5    1    0   0.5398170       -1.1221069736        3.5288354860
   -4   -1    0   0.5398170       -1.1221067781       -3.5288356309
   -5    2   -2   0.5457629       -1.3301239699        2.6807045469
   -5    2    2   0.5457629       -4.9605107668       -8.1574193204
   -3   -2   -2   0.5457629       -1.6564966179        2.4922739951
   -3   -2    2   0.5457629       -4.5842763353       -8.3746376077
   -4    0   -3   0.5467974      -12.7622837256        0.0000002206
   -4    0    3   0.5467974      -18.2535728386        0.0000002099
   -5    1   -1   0.5476808       -3.9575513852       -4.9959072954
   -5    1    1   0.5476808      -15.9710623985        2.7815701524
   -4   -1   -1   0.5476808       -2.3478072913       -5.9252942719
   -4   -1    1   0.5476808        5.5766208883       15.2221306398
   -4    2   -4   0.5507677       11.3682676433       -0.5213477509
   -2   -2   -4   0.5507677       -6.1356321704        9.5845339888
    0    0   -6   0.5548569       13.8459553103        0.0000005252
   -3    1   -5   0.5576110      -14.0937666313       -1.8103463401
   -3    1    5   0.5576110       -0.9389385848       -4.6796510116
   -2   -1   -5   0.5576110        8.6146886861       11.3003848122
   -2   -1    5   0.5576110       -3.5832282995       -3.1529689127
   -4    1   -4   0.5632241        0.7627895410        6.8585330206
   -4    1    4   0.5632241       -8.9894527824       -7.7960200125
   -3   -1   -4   0.5632241        5.5582682247        4.0898614609
   -3   -1    4   0.5632241       11.2462765821        3.8870840720
   -1    0   -6   0.5672235        0.0403384904        0.0000017854
   -1    0    6   0.5672235      -10.0428872061       -0.0000012176
   -5    1   -2   0.5706223        8.6467878307        2.0700990730
   -5    1    2   0.5706223        3.6096165377        6.7393336764
   -4   -1   -2   0.5706223       -6.1161516997       -6.4532876484
   -4   -1    2   0.5706223        4.0316257178        6.4956858352
   -3    0   -5   0.5819645        1.5517797075       -2.6877606925
   -3    0    5   0.5819645        4.0079107526        6.9419030981
   -5    2   -3   0.5836235        1.5710795783        0.2047358480
   -5    2    3   0.5836235       -0.6648785030        0.1253494109
   -3   -2   -3   0.5836235        1.5710786640       -0.2047377783
   -3   -2    3   0.5836235       -0.6648778633       -0.1253485024
   -5    0    0   0.5889887        0.0191691979        0.0000000443
   -2    1   -6   0.5911811       -4.9203103417       -5.4011196044
   -1   -1   -6   0.5911811       -4.9203110410        5.4011178556
   -5    0   -1   0.5962042        2.6258274217        4.5480668725
   -5    0    1   0.5962042        0.5222329979       -0.9045351663
   -4    0   -4   0.5990411        3.6072887647        6.2480066621
   -4    0    4   0.5990411        1.3010843924       -2.2535440035
   -2    0   -6   0.6028029       21.9042855395       -0.0000006478
   -2    0    6   0.6028029        9.6854558310       -0.0000010318
   -5    1   -3   0.6069341        9.3973324118      -15.2180849861
   -5    1    3   0.6069341        3.3981630430       -3.3725798791
   -4   -1   -3   0.6069341        9.3973331114       15.2180850698
   -4   -1    3   0.6069341        3.3981619013        3.3725790853
   -6    3    0   0.6120950       -7.4025910046      -12.2452419422
   -3   -3    0   0.6120950       -7.4025911878       12.2452418536
   -4    2   -5   0.6166941        6.1549130080      -10.1725813390
   -2   -2   -5   0.6166941        5.7322585960      -10.4166015500
   -5    0   -2   0.6173451        0.8341615544       -1.4448099305
   -5    0    2   0.6173451      -12.1545920981      -21.0523710806
   -6    3   -1   0.6190413       -2.0762338439      -10.8391469532
   -3   -3   -1   0.6190413       -8.3488595757       -7.2176446416
   -6    2    0   0.6233270       15.0671494909       -1.7751872742
   -4   -2    0   0.6233270       15.0671495491        1.7751872701
   -4    1   -5   0.6278439        7.8776487477        4.7809714707
   -4    1    5   0.6278439        2.0476100537       -5.9570168726
   -3   -1   -5   0.6278439       -8.0792684604       -4.4317587244
   -3   -1    5   0.6278439       -6.1827340910       -1.2052260366
   -6    2   -1   0.6301495       -7.9823188419        2.0352817060
   -6    2    1   0.6301495        2.7966191793       -3.3839765092
   -4   -2   -1   0.6301495        5.7537644691       -5.8952500605
   -4   -2    1   0.6301495        1.5322998802       -4.1139315045
   -5    2   -4   0.6328343      -11.4261871387      -15.6896376109
   -5    2    4   0.6328343       -7.9952809868       -0.1898624670
   -3   -2   -4   0.6328343       -7.8745309155      -17.7401874936
   -3   -2    4   0.6328343        4.1620678429        6.8291866770
   -3    1   -6   0.6363963       -7.3309719728        9.8085342163
   -3    1    6   0.6363963       -4.1171941762       -1.6164145864
   -2   -1   -6   0.6363963       -7.3309726261       -9.8085348940
   -2   -1    6   0.6363963       -4.1171925502        1.6164161783
   -6    3   -2   0.6394276        0.5793867931       -1.0527329777
   -3   -3   -2   0.6394276        0.6220012778       -1.0281301058
    0    0   -7   0.6473330       -0.0000017035        0.0000000007
   -6    2   -2   0.6501876       -6.1832064728       11.8298444099
   -6    2    2   0.6501876        3.2470600216        5.0402265944
   -4   -2   -2   0.6501876       -7.1533427261       11.2697362312
   -4   -2    2   0.6501876        2.7414342021        5.3321501742
   -5    0   -3   0.6510562       -0.5859928797       -0.0000004713
   -5    0    3   0.6510562        2.6712794280        0.0000007262
   -5    1   -4   0.6543942        2.2477626859        0.5770796603
   -5    1    4   0.6543942       13.0725915140        1.4271616810
   -4   -1   -4   0.6543942       -0.6241162673        2.2351607289
   -4   -1    4   0.6543942       -7.7722540737      -10.6076161148
   -6    1    0   0.6558700       -5.9329691203       -4.7446358018
   -5   -1    0   0.6558700       -5.9329691023        4.7446357462
   -3    0   -6   0.6578396       -8.0962671946        0.0000010208
   -3    0    6   0.6578396        2.5925114596       -0.0000012109
   -1    0   -7   0.6579638        5.8365174352       10.1091468783
   -1    0    7   0.6579638       -0.4064825825        0.7040475578
   -4    0   -5   0.6601642       -0.5632978769        0.9756626709
   -4    0    5   0.6601642       -3.5057514675       -6.0721411209
   -6    1   -1   0.6623574        0.4582662453       -1.3706784770
   -6    1    1   0.6623574        8.0293556668       11.4889083510
   -5   -1   -1   0.6623574       -1.4161755318       -0.2884690691
   -5   -1    1   0.6623574      -13.9643643375       -1.2091722202
   -6    3   -3   0.6720318        5.5333844659        8.4571253499
   -3   -3   -3   0.6720318        5.5333850453       -8.4571243549
   -2    1   -7   0.6787260        2.1842034773      -10.4098866340
   -1   -1   -7   0.6787260      -10.1073268289       -3.3133672711
   -6    1   -2   0.6814491       -3.5017622778       -7.3357020669
   -6    1    2   0.6814491        0.8147741997        3.4290660896
   -5   -1   -2   0.6814491        8.1037863276       -0.6352360870
   -5   -1    2   0.6814491        2.5622712525        2.4201476284
   -6    2   -3   0.6822779       -8.5462073100        1.9175434948
   -6    2    3   0.6822779       -4.8792050215       -6.3243952309
   -4   -2   -3   0.6822779       -8.5462076118       -1.9175437490
   -4   -2    3   0.6822779       -4.8792049654        6.3243953856
   -4    2   -6   0.6887538       11.5885980364       -0.5665912001
   -2   -2   -6   0.6887538       11.5885979304        0.5665923703
   -2    0   -7   0.6888724       -2.9870186201       -5.1736666468
   -2    0    7   0.6888724        3.4723696893       -6.0143213357
   -5    2   -5   0.6909745        7.2981446416        0.6441069226
   -5    2    5   0.6909745       10.7341137656       15.6328579328
   -3   -2   -5   0.6909745       -4.2068841812       -5.9983245719
   -3   -2    5   0.6909745        8.1713950630       17.1124436033
   -5    0   -4   0.6955121       -8.4286524379      -14.5988545517
   -5    0    4   0.6955121       -1.2134257864        2.1017171384
   -4    1   -6   0.6987547       -5.2132201512       -3.7023308824
   -4    1    6   0.6987547       -3.7580381639       -6.7085557001
   -3   -1   -6   0.6987547       -5.2132195217        3.7023298512
   -3   -1    6   0.6987547       -3.7580386081        6.7085567331
   -6    0    0   0.7067864        4.2105960332       -0.0000000154
   -5    1   -5   0.7107731      -13.1182295442       -0.4766567944
   -5    1    5   0.7107731       -2.0496117346       -0.0814749808
   -4   -1   -5   0.7107731        6.9719113447       11.1223905239
   -4   -1    5   0.7107731        0.9542451813       -1.8157533661
   -6    1   -3   0.7121320        3.6780291791        9.5595020561
   -6    1    3   0.7121320        5.9321173199       12.5916194927
   -5   -1   -3   0.7121320        3.6780294634       -9.5595014331
   -5   -1    3   0.7121320        5.9321176032      -12.5916200498
   -6    0   -1   0.7128105       -1.6648562310       -2.8836153150
   -6    0    1   0.7128105        6.1117567048      -10.5858727953
   -6    3   -4   0.7151851       -5.4361509268        6.2930205415
   -3   -3   -4   0.7151851        8.1679905668       -1.5613340347
   -7    3    0   0.7165356       -2.4487124040        2.6181784295
   -4   -3    0   0.7165356       -2.4487123688       -2.6181785518
   -3    1   -7   0.7184526       -7.9026647093        2.1278391866
   -3    1    7   0.7184526      -11.3016196323       -0.0961348878
   -2   -1   -7   0.7184526        5.7940960859       -5.7799897621
   -2   -1    7   0.7184526        5.7340660042        9.7394233853
   -7    3   -1   0.7224785        2.0689398941       -9.7580329662
   -7    3    1   0.7224785      -10.7309996025       -1.9333216121
   -4   -3   -1   0.7224785       -9.4851743482       -3.0872623573
   -4   -3    1   0.7224785        7.0398058207        8.3266574587
   -6    2   -4   0.7248213        5.0511571871        4.8678781324
   -6    2    4   0.7248213       -6.4990800267        5.7823470901
   -4   -2   -4   0.7248213        1.6901285161        6.8083688805
   -4   -2    4   0.7248213       -1.7581194452        8.5195414663
   -4    0   -6   0.7279334       13.4136571767       -0.0000000521
   -4    0    6   0.7279334        8.1941874271        0.0000000166
   -6    0   -2   0.7305849       -2.6032679670        4.5089919935
   -6    0    2   0.7305849        5.0113781367        8.6799623436
   -7    2    0   0.7356466       -0.2833612189        1.6216162837
   -5   -2    0   0.7356466       -0.2833612265       -1.6216163660
   -3    0   -7   0.7375139        7.6483886807       13.2473962611
   -3    0    7   0.7375139        3.6941944887       -6.3985347237
    0    0   -8   0.7398091       -0.0000020070        0.0000000017
   -7    3   -2   0.7400207       11.3527159977       -3.7586459334
   -7    3    2   0.7400207       -1.9360562728        3.8464730660
   -4   -3   -2   0.7400207       -2.4212751540      -11.7110633140
   -4   -3    2   0.7400207        4.2991717960        0.2465621947
   -7    2   -1   0.7414363        8.3064618166       12.9797398715
   -7    2    1   0.7414363       -1.4242370008       -4.2980048663
   -5   -2   -1   0.7414363        7.0875536721       13.6834770580
   -5   -2    1   0.7414363        4.4342993266       -0.9155771724
   -5    0   -5   0.7488014        1.3932090519       -2.4131070697
   -5    0    5   0.7488014        5.9362792564       10.2819373009
   -1    0   -8   0.7491287       -2.8260352530        4.8948356478
   -1    0    8   0.7491287       -6.7212987366      -11.6416321725
   -6    1   -4   0.7529906        4.5961235802        7.8792568135
   -6    1    4   0.7529906       -0.1330582764       -0.3787723318
   -5   -1   -4   0.7529906        4.5255749659        7.9199893259
   -5   -1    4   0.7529906        0.3945543136       -0.0741534719
   -5    2   -6   0.7559867       -0.0818045872        1.4017921704
   -5    2    6   0.7559867       -2.2957885490        1.3210006805
   -3   -2   -6   0.7559867       -0.0818039636       -1.4017910788
   -3   -2    6   0.7559867       -2.2957887611       -1.3210031290
   -7    2   -2   0.7585402       -5.0411491742       -7.0380943676
   -7    2    2   0.7585402       -4.7260113776      -11.6361674100
   -5   -2   -2   0.7585402        8.6157430284        0.8467162316
   -5   -2    2   0.7585402       -7.7142110368       -9.9109295220
   -6    0   -3   0.7592849      -13.2632785617       -0.0000003672
   -6    0    3   0.7592849       -5.4267301305        0.0000001467
   -4    2   -7   0.7652161        1.9609000416       -1.6568876602
   -2   -2   -7   0.7652161       -2.4153587057        0.8697473056
   -6    3   -5   0.7671090        4.4739535188        7.7926504550
   -3   -3   -5   0.7671090       -8.9856110872        0.0217685985
   -2    1   -8   0.7674285       -5.1262460241       -0.7403007910
   -1   -1   -8   0.7674285        3.2042439807        4.0693100495
   -7    3   -3   0.7683683       -2.5029647881       -3.5208729669
   -7    3    3   0.7683683        3.9760113470       -8.0504698932
   -4   -3   -3   0.7683683       -2.5029639982        3.5208736569
   -4   -3    3   0.7683683        3.9760107436        8.0504698695
   -7    1    0   0.7724514       -5.8897428594        9.7252091658
   -6   -1    0   0.7724514       -5.8897428308       -9.7252092419
   -5    1   -6   0.7741244       -0.9552406389        0.0601637628
   -5    1    6   0.7741244       -7.0082043913       12.0130894055
   -4   -1   -6   0.7741244       -0.9552416801       -0.0601654979
   -4   -1    6   0.7741244       -7.0082036219      -12.0130889604
   -4    1   -7   0.7742299       -2.4961979300       -6.1862165432
   -4    1    7   0.7742299        3.3294809604       10.6917353919
   -3   -1   -7   0.7742299       -4.1093211017       -5.2548798844
   -3   -1    7   0.7742299      -10.9240528987        2.4624510081
   -6    2   -5   0.7761008        5.3465419937       -3.6279062008
   -6    2    5   0.7761008       -5.4752576169       -3.2134899935
   -4   -2   -5   0.7761008        0.4685879919       -6.4441949434
   -4   -2    5   0.7761008       -0.0453340260       -6.3484584956
   -2    0   -8   0.7764166        1.2868852039       -2.2289516888
   -2    0    8   0.7764166        2.3528486023        4.0752548557
   -7    1   -1   0.7779672        2.4521932360       -5.8205224309
   -7    1    1   0.7779672       -4.6393851682        0.8441541983
   -6   -1   -1   0.7779672       -6.2668169399       -0.7865999224
   -6   -1    1   0.7779672        1.5886338825        4.4399024274
   -7    2   -3   0.7862204        0.9893400621       -1.0528791012
   -7    2    3   0.7862204       -3.1895829171       -3.7286620241
   -5   -2   -3   0.7862204        0.9893397897        1.0528790264
   -5   -2    3   0.7862204       -3.1895828011        3.7286624184
   -7    1   -2   0.7942849       11.9059644631        3.9905341259
   -7    1    2   0.7942849        2.2756359487        3.9960641560
   -6   -1   -2   0.7942849       -9.4088858691       -8.3156007297
   -6   -1    2   0.7942849        2.3228753502        3.9687906830
   -6    0   -4   0.7977320       -0.3532335323       -0.6118199825
   -6    0    4   0.7977320       -4.5588327713        7.8961307416
   -4    0   -7   0.8006628       -0.6056108367       -1.0489459529
   -4    0    7   0.8006628        4.7785348805       -8.2766653863
   -6    1   -5   0.8024721        0.8112161560        0.8596045654
   -6    1    5   0.8024721       -4.1044460547       -6.9864728326
   -5   -1   -5   0.8024721       -1.1500493542       -0.2727308328
   -5   -1    5   0.8024721       -3.9982401474       -7.0477898064
   -3    1   -8   0.8027775        8.3297557739       -1.4631456484
   -3    1    8   0.8027775        9.0200336361        2.2410186842
   -2   -1   -8   0.8027775       -2.8977569476       -7.9453511464
   -2   -1    8   0.8027775       -2.5692376528        8.9320864898
   -7    3   -4   0.8063825        3.1059568516       -1.8493569642
   -7    3    4   0.8063825        9.1093109672        0.6920928307
   -4   -3   -4   0.8063825       -3.1545688423        1.7651591426
   -4   -3    4   0.8063825       -5.1540251354       -7.5428489467
   -5    0   -6   0.8091809       -2.3274841556        0.0000013609
   -5    0    6   0.8091809        1.0701640306       -0.0000003218
   -8    4    0   0.8161266        2.1188926031        7.6724237867
   -4   -4    0   0.8161266        2.1188926725       -7.6724238015
   -3    0   -8   0.8198807       -0.1718350066        0.2976253952
   -3    0    8   0.8198807       -7.8357440739      -13.5719067508
   -7    1   -3   0.8207604        4.2982085797       -3.5995836566
   -7    1    3   0.8207604       -1.7646386241       -5.1668661945
   -6   -1   -3   0.8207604        4.2982099005        3.5995842646
   -6   -1    3   0.8207604       -1.7646387063        5.1668656461
   -8    4   -1   0.8213492       -2.5179957032       -2.1646535734
   -4   -4   -1   0.8213492       -0.6156474194       -3.2629750410
   -7    2   -4   0.8234108       -3.5689986323       -4.3996838041
   -7    2    4   0.8234108       -1.7390779337       -4.5018905228
   -5   -2   -4   0.8234108       -2.0257394260       -5.2906858835
   -5   -2    4   0.8234108        4.7682913304       -0.7448594479
   -8    3    0   0.8245841       -2.6185238740       -7.0544051620
   -7    0    0   0.8245841        9.8477833558        0.0000000504
   -5   -3    0   0.8245841       -2.6185237991        7.0544053048
   -6    3   -6   0.8261516       -4.4063772164       -6.8620529409
   -3   -3   -6   0.8261516       -4.4063762771        6.8620527733
   -5    2   -7   0.8262505        1.7208788952        4.0953096397
   -5    2    7   0.8262505       -0.6952676961       -1.8956661521
   -3   -2   -7   0.8262505        2.6862032566        3.5379804477
   -3   -2    7   0.8262505        1.9893273632       -0.3457135405
   -8    3   -1   0.8297535       -1.7176469207       -1.1654940540
   -8    3    1   0.8297535       -0.2821042821       -0.0810570125
   -7    0   -1   0.8297535        5.7140876190        9.8970901984
   -7    0    1   0.8297535       -1.3627107170        2.3602839452
   -5   -3   -1   0.8297535       -0.1505237465       -2.0702727726
   -5   -3    1   0.8297535        0.2112496723        0.2037807898
    0    0   -9   0.8322853      -19.1409691152       -0.0000002804
   -6    2   -6   0.8345075        4.2618803366        5.4854994247
   -6    2    6   0.8345075        8.1546591314       -3.2688224340
   -4   -2   -6   0.8345075        4.2618809070       -5.4854999091
   -4   -2    6   0.8345075        8.1546586646        3.2688216100
   -8    4   -2   0.8368214       -5.0194800049        8.1556021922
   -4   -4   -2   0.8368214       -4.5532188973        8.4247984521
   -1    0   -9   0.8405802        5.8520963918       -0.0000011213
   -1    0    9   0.8405802        2.8979144699        0.0000015681
   -5    1   -7   0.8428775       -2.4798922455       -5.1786743058
   -5    1    7   0.8428775       -4.9503051212       -0.8277032827
   -4   -1   -7   0.8428775       -3.2449174492       -4.7369886396
   -4   -1    7   0.8428775        3.1919649539        3.8732400858
   -6    0   -5   0.8445963        4.8886371375       -8.4673672000
   -6    0    5   0.8445963        1.0953245206        1.8971558454
   -4    2   -8   0.8448865       -4.1318015977        0.3894595431
   -2   -2   -8   0.8448865        1.7286176716        3.7729741851
   -8    3   -2   0.8450718       -2.6470940288       -4.5391907201
   -8    3    2   0.8450718        2.6634271038        6.6655803639
   -7    0   -2   0.8450718       -0.4746983899        0.8222007487
   -7    0    2   0.8450718       -3.1305419527       -5.4222576279
   -5   -3   -2   0.8450718        5.2546015879        0.0228554551
   -5   -3    2   0.8450718        4.4408483629        5.6393854587
   -8    2    0   0.8494515        2.9684299496       -2.6100074587
   -6   -2    0   0.8494515        2.9684298515        2.6100074673
   -7    3   -5   0.8527715       -8.2094957145       -1.8051540523
   -7    3    5   0.8527715       -2.9956849270        0.8156889368
   -4   -3   -5   0.8527715        5.6680576677        6.2070539330
   -4   -3    5   0.8527715        2.2042495456       -2.1864946129
   -4    1   -8   0.8530589       -2.2593691606       -3.6465266655
   -4    1    8   0.8530589       -5.0166833387        4.9281335852
   -3   -1   -8   0.8530589        4.2876717063        0.1334067986
   -3   -1    8   0.8530589        6.7762316086       -1.8805097539
   -8    2   -1   0.8544705       -8.3749017493       -4.8691635530
   -8    2    1   0.8544705        4.2918718090       -5.0204596083
   -6   -2   -1   0.8544705       -0.0293682316       -9.6874594174
   -6   -2    1   0.8544705        2.2019094761       -6.2270999705
   -7    1   -4   0.8564523        0.3963236695        3.2066428782
   -7    1    4   0.8564523        6.3480296283       -4.4583307642
   -6   -1   -4   0.8564523        2.5788719563        1.9465484009
   -6   -1    4   0.8564523        0.6870126258       -7.7267205491
   -2    1   -9   0.8569292        5.3024735865       -0.9076076982
   -1   -1   -9   0.8569292        5.3024728176        0.9076085371
   -6    1   -6   0.8590877       -5.0330534720       -9.1780199678
   -6    1    6   0.8590877       -2.6011311723       -5.9090939341
   -5   -1   -6   0.8590877       -5.0330532932        9.1780189334
   -5   -1    6   0.8590877       -2.6011314637        5.9090949279
   -8    4   -3   0.8619914       -6.7386138730        2.3077343509
   -4   -4   -3   0.8619914       -6.7386140764       -2.3077348492
   -2    0   -9   0.8649879       -5.6251831346        0.0000002065
   -2    0    9   0.8649879       -9.3530203899       -0.0000009218
   -7    2   -5   0.8688912        0.3281848845        2.0186089342
   -7    2    5   0.8688912        3.9116547815        4.0830959430
   -5   -2   -5   0.8688912       -1.9122581490        0.7250881452
   -5   -2    5   0.8688912        1.5802365112        5.4291398356
   -8    2   -2   0.8693534       -5.7164450027        7.1656905353
   -8    2    2   0.8693534        3.1083904610       -2.1663553798
   -6   -2   -2   0.8693534       -3.3474475333        8.5334323323
   -6   -2    2   0.8693534       -3.4303144494        1.6087678356
   -8    3   -3   0.8700032        4.7285395603        4.6025523585
   -8    3    3   0.8700032        7.2349057131       12.9406249659
   -7    0   -3   0.8700032        2.7029404348       -0.0000002118
   -7    0    3   0.8700032        2.6235602036        0.0000000657
   -5   -3   -3   0.8700032        4.7285394054       -4.6025524665
   -5   -3    3   0.8700032        7.2349053983      -12.9406255027
   -5    0   -7   0.8751844        7.2100001566       12.4880865653
   -5    0    7   0.8751844       -0.8429605784        1.4600502384
   -4    0   -8   0.8771194       -6.2924095907       10.8987720588
   -4    0    8   0.8771194        1.1105572462        1.9235442350
   -3    1   -9   0.8887255       -1.2774652885        0.6562466702
   -3    1    9   0.8887255       -0.2656989000       -2.9412429910
   -2   -1   -9   0.8887255       -1.2774654513       -0.6562446852
   -2   -1    9   0.8887255       -0.2656985382        2.9412415115
   -8    1    0   0.8893534       -3.4910894294       -8.6420911252
   -7   -1    0   0.8893534       -3.4910894216        8.6420911785
   -6    3   -7   0.8908986       -0.6529977452        0.3078805092
   -3   -3   -7   0.8908986        0.5931316294       -0.4115722371
   -8    2   -3   0.8936075       -2.8358409788       -4.8277855045
   -8    2    3   0.8936075       -7.6941950785       -1.3644043811
   -6   -2   -3   0.8936075       -2.8358412444        4.8277854322
   -6   -2    3   0.8936075       -7.6941950269        1.3644050925
   -8    1   -1   0.8941484       -4.9837741634       -3.9788303421
   -8    1    1   0.8941484       -1.6278003044        5.1655691217
   -7   -1   -1   0.8941484       -0.9538810778       -6.3054905865
   -7   -1    1   0.8941484       -3.6596136963        3.9925005381
   -8    4   -4   0.8960425        7.4487077890       -0.0920219558
   -4   -4   -4   0.8960425       -3.8040458986        6.4047591735
   -6    0   -6   0.8985617        2.2073614386        0.0000002541
   -6    0    6   0.8985617       10.8038938990       -0.0000004041
   -6    2   -7   0.8986527       -2.0939131250       -2.3753597872
   -6    2    7   0.8986527        3.3726850400       -7.8612529812
   -4   -2   -7   0.8986527       -1.0101661257       -3.0010604431
   -4   -2    7   0.8986527        5.1217008899       -6.8514578919
   -7    1   -5   0.9002650       -4.3797253908        5.2821622416
   -7    1    5   0.9002650        0.5592604865       -3.2855737174
   -6   -1   -5   0.9002650       -2.3846238587        6.4340337995
   -6   -1    5   0.9002650       -3.1250210052       -1.1584522797
   -5    2   -8   0.9005373        0.9917167146        0.4839325242
   -5    2    8   0.9005373       -2.1044490754       -7.1364961269
   -3   -2   -8   0.9005373       -0.9149567206       -0.6168844964
   -3   -2    8   0.9005373       -5.1281613306       -5.3907541804
   -8    3   -4   0.9037524       -2.0791665627       -0.4377731540
   -8    3    4   0.9037524       -3.5861252083       -4.1115095350
   -7    0   -4   0.9037524       -5.7779761002      -10.0077474146
   -7    0    4   0.9037524        1.4304738742       -2.4776531830
   -5   -3   -4   0.9037524        0.6604600672       -2.0194972190
   -5   -3    4   0.9037524        5.3537334989        1.0499214934
   -3    0   -9   0.9042044        1.7550274053       -0.0000017314
   -3    0    9   0.9042044        5.1826865580        0.0000013808
   -7    3   -6   0.9062502       -4.3852210888        6.5359928231
   -7    3    6   0.9062502        2.7459702860        1.5478189322
   -4   -3   -6   0.9062502       -4.3852219244       -6.5359932281
   -4   -3    6   0.9062502        2.7459711186       -1.5478176793
   -8    1   -2   0.9083814       -0.7508639630       -1.4979454212
   -8    1    2   0.9083814       -2.5985291661       -0.0451562013
   -7   -1   -2   0.9083814        1.6726909196       -0.0987054896
   -7   -1    2   0.9083814        1.2601582927       -2.2729704121
   -5    1   -8   0.9158166        7.6600650638       -1.6766598521
   -5    1    8   0.9158166        2.3274003775        3.7592653961
   -4   -1   -8   0.9158166       -2.3780016609       -7.4721404990
   -4   -1    8   0.9158166        2.0919199484        3.8952199358
   -9    4    0   0.9200297        0.7002274579        1.1204375571
   -5   -4    0   0.9200297        0.7002275013       -1.1204375915
   -7    2   -6   0.9214348        2.9692967511        3.2390117150
   -7    2    6   0.9214348       -1.6518381039        0.2785458617
   -5   -2   -6   0.9214348        2.9692966495       -3.2390105590
   -5   -2    6   0.9214348       -1.6518389664       -0.2785463663
   -6    1   -7   0.9215235        0.5753892943       -0.8230472296
   -6    1    7   0.9215235        3.5529248541        6.8246554222
   -5   -1   -7   0.9215235       -1.0004733831        0.0867778645
   -5   -1    7   0.9215235       -7.6867867725        0.3354045166
   -9    4   -1   0.9246656        3.4032836989        8.5698969160
   -9    4    1   0.9246656        3.8017405589        4.6210128135
   -5   -4   -1   0.9246656        5.7201065300        7.2322786849
   -5   -4    1   0.9246656       -5.9027851147       -0.9818975009
    0    0  -10   0.9247614        0.0000015526       -0.0000000002
   -8    2   -4   0.9264973       -1.3161697052        0.9640967884
   -8    2    4   0.9264973       -2.4756041640        7.8310989821
   -6   -2   -4   0.9264973        1.4930181574       -0.6577885755
   -6   -2    4   0.9264973       -5.5441279328        6.0594859354
   -4    2   -9   0.9269382       -8.0335615543       -2.5956135851
   -2   -2   -9   0.9269382       -8.0335620834        2.5956145504
   -8    1   -3   0.9316201        1.8025700897        6.7934215428
   -8    1    3   0.9316201        5.6061376126        4.3124015714
   -7   -1   -3   0.9316201        1.8025693823       -6.7934212936
   -7   -1    3   0.9316201        5.6061378869       -4.3124018063
   -1    0  -10   0.9322339       -4.7069628265       -8.1526970795
   -1    0   10   0.9322339       -4.5649066839        7.9066518350
   -4    1   -9   0.9343933        4.3898511350        8.5143129368
   -4    1    9   0.9343933        4.8687176228        7.5241715205
   -3   -1   -9   0.9343933        4.3898514484       -8.5143117331
   -3   -1    9   0.9343933        4.8687175440       -7.5241722983
   -9    3    0   0.9349905        4.0304582031        4.7171683732
   -6   -3    0   0.9349905        4.0304581753       -4.7171683726
   -8    4   -5   0.9380078        3.0061837306       -4.6895219699
   -4   -4   -5   0.9380078        2.5581538676       -4.9481929692
   -9    4   -2   0.9384359        1.4162458748        2.2990593022
   -9    4    2   0.9384359       -5.4221485946       -5.9236849469
   -5   -4   -2   0.9384359       -2.6991668725       -0.0769754283
   -5   -4    2   0.9384359       -2.4189869755       -7.6575605966
   -9    3   -1   0.9395526       -0.0919650541       -1.0078059085
   -9    3    1   0.9395526       -2.7198006486        3.3010798430
   -6   -3   -1   0.9395526       -0.8268028469       -0.5835467395
   -6   -3    1   0.9395526       -1.4989188270        4.0059564804
   -8    0    0   0.9423819        5.3238126130        0.0000000229
   -8    3   -5   0.9453755        2.8234819419        2.9566966641
   -8    3    5   0.9453755        2.2541263648        1.6432609883
   -7    0   -5   0.9453755       -1.7343913882        3.0040545964
   -7    0    5   0.9453755        5.9514569396       10.3082260074
   -5   -3   -5   0.9453755       -3.9723168379       -0.9668582615
   -5   -3    5   0.9453755        0.2960419432        2.7737615287
   -5    0   -8   0.9456348        0.0866912765       -0.1501546534
   -5    0    8   0.9456348       -1.2980842783       -2.2483482158
   -8    0   -1   0.9469084        0.9274119644        1.6063246918
   -8    0    1   0.9469084        4.4682705490       -7.7392719317
   -2    1  -10   0.9470019        0.3836720876        2.2939761823
   -1   -1  -10   0.9470019        1.7948039239        1.4792574644
   -7    1   -6   0.9510769        1.6859238209        5.1562384147
   -7    1    6   0.9510769       -5.0815683499        3.4056273421
   -6   -1   -6   0.9510769        1.6859239583       -5.1562392230
   -6   -1    6   0.9510769       -5.0815667227       -3.4056264864
   -9    3   -2   0.9531079        7.5834547969       -1.0424251748
   -9    3    2   0.9531079       -3.2650321535        7.0865203232
   -6   -3   -2   0.9531079       -2.8889608247       -7.0886770886
   -6   -3    2   0.9531079        7.7696229673        0.7156593649
   -2    0  -10   0.9543002        0.7397534543        1.2812889236
   -2    0   10   0.9543002        1.9065119328       -3.3021745287
   -4    0   -9   0.9564098       -4.6856938097       -0.0000008160
   -4    0    9   0.9564098       -6.4310844723        0.0000009501
   -6    0   -7   0.9584295       -4.2396551688       -7.3432970452
   -6    0    7   0.9584295        1.5975325257       -2.7670085062
   -6    3   -8   0.9601968       -5.8488537595       -0.5003689567
   -3   -3   -8   0.9601968        3.3577606536        4.8150713144
   -8    0   -2   0.9603598       -1.4549808025        2.5201004493
   -8    0    2   0.9603598        0.7219603949        1.2504732971
   -9    4   -3   0.9609481       -2.3213725114       -3.6334124592
   -9    4    3   0.9609481        0.1251706530       -3.1114571624
   -5   -4   -3   0.9609481       -2.3213726214        3.6334122473
   -5   -4    3   0.9609481        0.1251712501        3.1114572228
   -8    1   -4   0.9632128        6.0079591759        0.0673855527
   -8    1    4   0.9632128       -5.2987698082       -4.5194757261
   -7   -1   -4   0.9632128       -2.9456223785        5.2367383555
   -7   -1    4   0.9632128        6.5633650467        2.3291313466
   -9    2    0   0.9642160       -0.3399953922        0.9536664028
   -7   -2    0   0.9642160       -0.3399953859       -0.9536664401
   -7    3   -7   0.9656414        2.5633217820       -4.6486930333
   -7    3    7   0.9656414       -7.9290913816        2.9375428014
   -4   -3   -7   0.9656414       -5.3075466856       -0.1044452953
   -4   -3    7   0.9656414        1.4205596755        8.3355658924
   -8    2   -5   0.9671421        1.9572897466       -6.9418201870
   -8    2    5   0.9671421        0.3600431873       -2.3183962197
   -6   -2   -5   0.9671421        5.0331485796       -5.1659727811
   -6   -2    5   0.9671421       -2.1878107391       -0.8473925015
   -6    2   -8   0.9673955       -1.0457805515        2.4010561730
   -6    2    8   0.9673955        4.3079878941       -1.8015048356
   -4   -2   -8   0.9673955       -1.5564865366        2.1062003642
   -4   -2    8   0.9673955       -3.7141453008        2.8300752492
   -9    2   -1   0.9686405        7.1001952897        5.0990933055
   -9    2    1   0.9686405        2.1226886304        5.6189862368
   -7   -2   -1   0.9686405        0.8658469044        8.6984964745
   -7   -2    1   0.9686405       -5.9275291985        0.9711911065
   -9    3   -3   0.9752814        4.3264666955       -1.8478703756
   -9    3    3   0.9752814        2.9010954831       -4.9719073281
   -6   -3   -3   0.9752814        4.3264673360        1.8478709885
   -6   -3    3   0.9752814        2.9010945275        4.9719068576
   -3    1  -10   0.9758677        4.9764323894        3.7336459848
   -3    1   10   0.9758677        5.9560901043       -0.8994294816
   -2   -1  -10   0.9758677        0.7452162650        6.1765418841
   -2   -1   10   0.9758677       -2.1991158034       -5.6078426069
   -5    2   -9   0.9779308        3.9527747777       -5.7339298681
   -5    2    9   0.9779308        3.1995578521       -5.7628606624
   -3   -2   -9   0.9779308        3.9527746908        5.7339287363
   -3   -2    9   0.9779308        3.1995577244        5.7628614815
   -7    2   -7   0.9799061        3.8461450633        9.7112537244
   -7    2    7   0.9799061        3.4261822182        3.9815043226
   -5   -2   -7   0.9799061        6.4871191613        8.1864866424
   -5   -2    7   0.9799061       -5.1611757923       -0.9764092299
   -9    2   -2   0.9817942       -0.9869471215       -7.0769983652
   -9    2    2   0.9817942       -2.0250146593       -2.9406400935
   -7   -2   -2   0.9817942        3.5808500282        0.2434964574
   -7   -2    2   0.9817942       -5.5899972834       -4.3943983254
   -8    0   -3   0.9823696        0.0106217704        0.0000000054
   -8    0    3   0.9823696       -3.1093927769        0.0000001862
   -8    4   -6   0.9868783        4.7226826994       -0.3247678354
   -4   -4   -6   0.9868783        4.7226836973        0.3247675677
   -6    1   -8   0.9886774       -5.7417700909       -8.4996736973
   -6    1    8   0.9886774       -1.3572847379       -0.6129512090
   -5   -1   -8   0.9886774       10.2318189152        0.7226816767
   -5   -1    8   0.9886774        0.1478128167       -1.4819182711
   -3    0  -10   0.9899851       -4.7377219600       -8.2059768706
   -3    0   10   0.9899851        0.9099927370       -1.5761528519
   -9    4   -4   0.9916068       -3.9485221839       -7.8890136761
   -9    4    4   0.9916068       -2.2867383835       -3.8009680676
   -5   -4   -4   0.9916068       -2.1827067867       -3.9191215773
   -5   -4    4   0.9916068        8.7560406137       -0.5143785502
   -5    1   -9   0.9920188        1.1141839364       -3.1882952738
   -5    1    9   0.9920188       -0.9557268658        0.8971485358
   -4   -1   -9   0.9920188        1.1141845559        3.1882965024
   -4   -1    9   0.9920188       -0.9557280125       -0.8971503609
   -8    3   -6   0.9938839       -2.8788828194       -2.0075476696
   -8    3    6   0.9938839       -0.1370905895        0.0144376855
   -7    0   -6   0.9938839       -0.2638547044       -0.0000007026
   -7    0    6   0.9938839       -5.8017910972       11.6708021915
   -5   -3   -6   0.9938839       -2.8788835050        2.0075477963
   -5   -3    6   0.9938839       -5.7596413471      -11.6852403718
